Log file open, 05/18/15 23:54:59
LogInit:Display: Running engine for game: PSJ_FINAL
LogInit: Version: 4.7.6-2513093+++depot+UE4-Releases+4.7
LogInit: API Version: 2455222
LogInit: Compiled (64-bit): Apr 15 2015 12:09:54
LogInit: Compiled with Visual C++: 18.00.21005.01
LogInit: Build Configuration: Development
LogInit: Branch Name: ++depot+UE4-Releases+4.7
LogInit: Command line:  
LogInit: Base directory: D:/Program Files/Epic Games/4.7/Engine/Binaries/Win64/
LogInit: Rocket: 1
[2015.05.18-22.54.59:152][  0]LogTaskGraph: Started task graph with 3 named threads and 6 total threads.
[2015.05.18-22.54.59:249][  0]LogOnline:Warning: No default platform service specified for OnlineSubsystem
[2015.05.18-22.54.59:362][  0]LogInit: Presizing for 0 objects not considered by GC, pre-allocating 0 bytes.
[2015.05.18-22.54.59:497][  0]LogInit: Object subsystem initialized
[2015.05.18-22.54.59:618][  0]LogConsoleResponse:Warning: Skipping Unknown console variable: 'TranslucentSortAxis = (X=0.000000,Y=-1.000000,Z=0.000000)'
[2015.05.18-22.54.59:618][  0]LogConsoleResponse:Warning:   Found in ini file 'D:/Unreal Projects/PSJ_FINAL/Saved/Config/Windows/Engine.ini', in section '[/Script/Engine.RendererSettings]'
[2015.05.18-22.54.59:618][  0]LogConsoleResponse:Warning: Skipping Unknown console variable: 'UIScaleRule = ShortestSide'
[2015.05.18-22.54.59:618][  0]LogConsoleResponse:Warning:   Found in ini file 'D:/Unreal Projects/PSJ_FINAL/Saved/Config/Windows/Engine.ini', in section '[/Script/Engine.RendererSettings]'
[2015.05.18-22.54.59:618][  0]LogConsoleResponse:Warning: Skipping Unknown console variable: 'UIScaleCurve = (EditorCurveData=(Keys=),ExternalCurve=None)'
[2015.05.18-22.54.59:618][  0]LogConsoleResponse:Warning:   Found in ini file 'D:/Unreal Projects/PSJ_FINAL/Saved/Config/Windows/Engine.ini', in section '[/Script/Engine.RendererSettings]'
[2015.05.18-22.54.59:674][  0]LogInit: Selected Device Profile: [Windows]
[2015.05.18-22.54.59:679][  0]LogInit: Applying CVar settings loaded from the selected device profile: [Windows]
[2015.05.18-22.54.59:749][  0]LogInit: Computer: BADIM-ALIEN
[2015.05.18-22.54.59:749][  0]LogInit: User: Carlos
[2015.05.18-22.54.59:749][  0]LogInit: CPU Page size=4096, Cores=4
[2015.05.18-22.54.59:749][  0]LogInit: High frequency timer resolution =2.338345 MHz
[2015.05.18-22.54.59:749][  0]LogMemory: Memory total: Physical=7.9GB (8GB approx) Virtual=131072.0GB
[2015.05.18-22.54.59:749][  0]LogMemory: Platform Memory Stats for Windows
[2015.05.18-22.54.59:749][  0]LogMemory: Process Physical Memory: 45.93 MB used, 45.93 MB peak
[2015.05.18-22.54.59:749][  0]LogMemory: Process Virtual Memory: 22.55 MB used, 22.55 MB peak
[2015.05.18-22.54.59:749][  0]LogMemory: Physical Memory: 4536.41 MB used, 8073.02 MB total
[2015.05.18-22.54.59:749][  0]LogMemory: Virtual Memory: 285.00 MB used, 134217728.00 MB total
[2015.05.18-22.54.59:946][  0]LogD3D11RHI: Found D3D11 adapter 0: Intel(R) HD Graphics 4600 (Feature Level 11_0)
[2015.05.18-22.54.59:946][  0]LogD3D11RHI: Adapter has 0MB of dedicated video memory, 0MB of dedicated system memory, and 1792MB of shared system memory, 1 output[s]
[2015.05.18-22.54.59:960][  0]LogD3D11RHI: Found D3D11 adapter 1: NVIDIA GeForce GTX 765M  (Feature Level 11_0)
[2015.05.18-22.54.59:960][  0]LogD3D11RHI: Adapter has 1986MB of dedicated video memory, 0MB of dedicated system memory, and 2048MB of shared system memory, 0 output[s]
[2015.05.18-22.54.59:961][  0]LogD3D11RHI: Found D3D11 adapter 2: Microsoft Basic Render Driver (Feature Level 11_0)
[2015.05.18-22.54.59:961][  0]LogD3D11RHI: Adapter has 0MB of dedicated video memory, 0MB of dedicated system memory, and 256MB of shared system memory, 0 output[s]
[2015.05.18-22.54.59:961][  0]LogD3D11RHI: Chosen D3D11 Adapter Id = 0
[2015.05.18-22.54.59:979][  0]LogRHI: Texture pool is 1361 MB (70% of 1945 MB)
[2015.05.18-22.54.59:992][  0]LogD3D11RHI: Async texture creation enabled
[2015.05.18-22.55.02:714][  0]LogTextLocalizationManager: The requested culture ('pt_PT') has no localization data; falling back to 'en' for localization and internationalization data.
[2015.05.18-22.55.02:839][  0]LogTextLocalizationManager:Warning: Loading localization resources contain conflicting entries for (Namespace:UICommands, Key:Save_ToolTip):
Resource: (D:/Program Files/Epic Games/4.7/Engine/Content/Localization/Editor/en/Editor.locres) Hash: (-29098895) String: (Saves the current level to disk)
Resource: (D:/Program Files/Epic Games/4.7/Engine/Content/Localization/Engine/en/Engine.locres) Hash: (-1280300587) String: (Save selected data to vlog file)
[2015.05.18-22.55.02:839][  0]LogTextLocalizationManager:Warning: Loading localization resources contain conflicting entries for (Namespace:ContentBrowser, Key:ImportAssetToolTip):
Resource: (D:/Program Files/Epic Games/4.7/Engine/Content/Localization/Editor/en/Editor.locres) Hash: (-630476809) String: (Import to {0}...)
Resource: (D:/Program Files/Epic Games/4.7/Engine/Content/Localization/Editor/en/Editor.locres) Hash: (1271782899) String: (Imports an asset from file to this folder.)
[2015.05.18-22.55.02:931][  0]LogContentStreaming: Texture pool size is 0.000000MB
[2015.05.18-22.55.06:893][  0]LogTargetPlatformManager:Display: Building Assets For Windows
[2015.05.18-22.55.07:728][  0]LogTargetPlatformManager:Display: Building Assets For Windows
[2015.05.18-22.55.07:892][  0]LogDerivedDataCache:Display: Max Cache Size: 512 MB
[2015.05.18-22.55.08:014][  0]LogDerivedDataCache: Loaded boot cache 0.12s 39MB C:/Users/Carlos/AppData/Local/UnrealEngine/4.7/DerivedDataCache/Boot.ddc.
[2015.05.18-22.55.08:014][  0]LogDerivedDataCache:Display: Loaded Boot cache: C:/Users/Carlos/AppData/Local/UnrealEngine/4.7/DerivedDataCache/Boot.ddc
[2015.05.18-22.55.08:014][  0]LogDerivedDataCache: FDerivedDataBackendGraph:  Pak pak cache file ../../../../../../Unreal Projects/PSJ_FINAL/DerivedDataCache/DDC.ddp not found, will not use a pak cache.
[2015.05.18-22.55.08:014][  0]LogDerivedDataCache: Unable to find inner node Pak for hierarchical cache Hierarchy.
[2015.05.18-22.55.08:146][  0]LogDerivedDataCache:Display: Pak cache opened for reading ../../../Engine/DerivedDataCache/Compressed.ddp.
[2015.05.18-22.55.08:158][  0]LogDerivedDataCache: Using Local data cache path C:/Users/Carlos/AppData/Local/UnrealEngine/Common/DerivedDataCache: Writable
[2015.05.18-22.55.13:661][  0]LogMeshUtilities: No automatic mesh reduction module available
[2015.05.18-22.55.13:662][  0]LogMeshUtilities: No automatic mesh merging module available
[2015.05.18-22.55.16:742][  0]LogInit: WinSock: version 1.1 (2.2), MaxSocks=32767, MaxUdp=65467
[2015.05.18-22.55.17:036][  0]LogSlate:Warning: Failed to load font data from '../../../Engine/Content/Slate/Fonts/Roboto-Italic.ttf'
[2015.05.18-22.55.24:003][  0]UdpMessaging: Initializing bridge on interface 0.0.0.0:0 to multicast group 230.0.0.1:6666.
[2015.05.18-22.55.25:031][  0]SourceControl: Info Source control is disabled
[2015.05.18-22.55.25:038][  0]SourceControl: Info Source control is disabled
[2015.05.18-22.55.25:038][  0]SourceControl: Info Source control is disabled
[2015.05.18-22.55.25:045][  0]LogSourceControl: RunCommandInternalRaw: 'git version'
[2015.05.18-22.55.25:053][  0]LogSourceControl: RunCommandInternalRaw: ExecProcess ReturnCode=0 OutResults='git version 1.9.5.github.0
'
[2015.05.18-22.55.25:996][  0]LogObj: 24232 objects as part of root set at end of initial load.
[2015.05.18-22.55.25:996][  0]LogUObjectAllocator: 5137176 out of 0 bytes used by permanent object pool.
[2015.05.18-22.55.26:756][  0]LogEngine: Initializing Engine...
[2015.05.18-22.55.29:256][  0]LogInit: XAudio2 using 'Speakers / Headphones (Realtek High Definition Audio)' : 2 channels at 48 kHz using 32 bits per sample (channel mask 0x3)
[2015.05.18-22.55.29:312][  0]LogInit: FAudioDevice initialized.
[2015.05.18-22.55.30:078][  0]LogAIModule: Creating AISystem for world NewWorld
[2015.05.18-22.55.30:269][  0]LogDerivedDataCache: Saved boot cache 0.02s 39MB C:/Users/Carlos/AppData/Local/UnrealEngine/4.7/DerivedDataCache/Boot.ddc.
[2015.05.18-22.55.30:285][  0]LogInit: Texture streaming: Enabled
[2015.05.18-22.55.30:705][  0]LogAnalytics: Creating configured Analytics provider AnalyticsET
[2015.05.18-22.55.30:705][  0]LogAnalytics: ET APIKey = Rocket.Release. APIServer = http://et2.epicgames.com/ET2/. AppVersion = 4.7.6-2513093+++depot+UE4-Releases+4.7
[2015.05.18-22.55.30:705][  0]LogAnalytics: ET APIKey = Rocket.Release. DataRouterUploadURL = https://datarouter-public-service-gamedev.ol.epicgames.net/datarouter/api/v1/public/data. AppVersion = 4.7.6-2513093+++depot+UE4-Releases+4.7
[2015.05.18-22.55.30:705][  0]LogAnalytics: SetUserId c6dafa5f4c8d91dc08e0f69686e34649|b8e039ebb1904c9aa23b736c0702fcb5|9f8a7cb1-0bce-48a6-a6b8-4330302a240d
[2015.05.18-22.55.30:747][  0]LogAnalytics: AnalyticsET::StartSession [Rocket.Release]
[2015.05.18-22.55.31:105][  0]LogInit: Transaction tracking system initialized
[2015.05.18-22.55.32:226][  0]BlueprintLog: New page: Editor Load
[2015.05.18-22.55.32:325][  0]LogAssetRegistry: FAssetRegistry took 0.0144 seconds to start up
[2015.05.18-22.55.32:350][  0]LogDirectoryWatcher:Warning: Failed to begin reading directory changes for ../../../Engine/Plugins/Experimental/CharacterAI/Content/. Error: 0
[2015.05.18-22.55.35:003][  0]LogTargetPlatformManager:Display: Building Assets For Windows
[2015.05.18-22.55.35:368][  0]LogTargetPlatformManager:Display: Building Assets For Windows
[2015.05.18-22.55.36:594][  0]LogSlate:Warning: Failed to load font data from '../../../Engine/Content/Editor/Slate/Fonts/Roboto-Regular.ttf'
[2015.05.18-22.55.36:594][  0]LogSlate:Warning: Failed to load font data from '../../../Engine/Content/Editor/Slate/Fonts/Roboto-Bold.ttf'
[2015.05.18-22.55.36:668][  0]LogConsoleResponse:Display: 
[2015.05.18-22.55.38:103][  0]LogCook:Display: Done creating registry. It took  0.00s.
[2015.05.18-22.55.38:936][  0]LogSourceControl: RunCommandInternalRaw: 'git version'
[2015.05.18-22.55.38:942][  0]LogSourceControl: RunCommandInternalRaw: ExecProcess ReturnCode=0 OutResults='git version 1.9.5.github.0
'
[2015.05.18-22.55.39:005][  0]Cmd: MAP LOAD FILE="../../../../../../Unreal Projects/PSJ_FINAL/Content/FirstPersonBP/Maps/FirstPersonExampleMap.umap" TEMPLATE=0 SHOWPROGRESS=1 FEATURELEVEL=3
[2015.05.18-22.55.39:030][  0]LightingResults: New page: Lighting Build
[2015.05.18-22.55.39:274][  0]MapCheck: New page: Map Check
[2015.05.18-22.55.39:274][  0]LightingResults: New page: Lighting Build
[2015.05.18-22.55.39:636][  0]LogParticles: Destroying 0 GPU particle simulations for FXSystem 0x000000B58E7E0680
[2015.05.18-22.55.39:907][  0]LogLinker:Warning: Asset '../../../Engine/Content/EngineMeshes/Humanoid.uasset' has been saved with empty engine version. The asset will be loaded but may be incompatible.
[2015.05.18-22.55.43:262][  0]LogEditorServer: Finished looking for orphan Actors (0.000 secs)
[2015.05.18-22.55.44:473][  0]LogAIModule: Creating AISystem for world FirstPersonExampleMap
[2015.05.18-22.55.44:619][  0]Cmd: MAP CHECKDEP
[2015.05.18-22.55.44:631][  0]MapCheck: New page: FirstPersonExampleMap - May 19, 2015, 12:55:44 AM
[2015.05.18-22.55.44:744][  0]MapCheck: Info Map check complete: 0 Error(s), 0 Warning(s), took 124.654ms to complete.
[2015.05.18-22.55.44:760][  0]LogFileHelpers: Loading map 'FirstPersonExampleMap' took 5.793
[2015.05.18-22.55.47:596][  0]LogSourceControl: RunCommandInternalRaw: 'git status'
[2015.05.18-22.55.47:596][  0]LogSourceControl: RunCommandInternalRaw: ExecProcess ReturnCode=0 OutResults='On branch master
Your branch is up-to-date with 'origin/master'.

Changes not staged for commit:
  (use "git add/rm <file>..." to update what will be committed)
  (use "git checkout -- <file>..." to discard changes in working directory)

	modified:   Intermediate/CachedAssetRegistry.bin
	deleted:    Intermediate/CachedAssetRegistry.bin.tmp
	modified:   Saved/AutoScreenshot.png
	modified:   Saved/Config/Windows/EditorLayout.ini
	modified:   Saved/Config/Windows/EditorUserSettings.ini
	modified:   Saved/Config/Windows/Engine.ini
	modified:   Saved/Config/Windows/SourceControlSettings.ini
	modified:   Saved/Logs/PSJ_FINAL.log

Untracked files:
  (use "git add <file>..." to include in what will be committed)

	Saved/HardwareSurvey/
	Saved/Logs/PSJ_FINAL-backup-2015.05.18-21.19.18.log
	Saved/Logs/PSJ_FINAL-backup-2015.05.18-23.54.59.log

no changes added to commit (use "git add" and/or "git commit -a")
'
[2015.05.18-22.55.47:596][  0]LogSourceControl: RunCommandInternalRaw: 'git symbolic-ref --short HEAD'
[2015.05.18-22.55.47:596][  0]LogSourceControl: RunCommandInternalRaw: ExecProcess ReturnCode=0 OutResults='master
'
[2015.05.18-22.55.47:596][  0]LogCollectionManager: Loaded 0 collections in 0.001065 seconds
[2015.05.18-22.55.47:654][  0]LogContentBrowser: Native class hierarchy populated in 0.0582 seconds. Added 1696 classes and 261 folders.
[2015.05.18-22.55.47:975][  0]LogContentBrowser: Native class hierarchy updated for 'SceneOutliner' in 0.0015 seconds. Added 1 classes and 2 folders.
[2015.05.18-22.55.48:910][  0]LogCrashTracker: Crashtracker disabled due to settings.
[2015.05.18-22.55.49:047][  0]LogSlate:Warning: Failed to load font data from 'Veranda'
[2015.05.18-22.55.49:409][  0]LogUObjectGlobals:Warning: Failed to find object 'Class None.'
[2015.05.18-22.55.49:943][  0]LogLoad: Full Startup: 57.79 seconds (BP compile: 1.12 seconds)
[2015.05.18-22.55.50:617][  0]LogContentBrowser:Verbose: The content browser source was changed by the sources view to '/Game/FirstPersonBP'
[2015.05.18-22.55.51:370][  0]SourceControl: Info master
[2015.05.18-22.55.52:961][  0]LogRenderer:Warning: Reallocating scene render targets to support 808x368 (Frame:2).
[2015.05.18-22.55.54:956][  4]LogAssetRegistry: Asset discovery search completed in 22.6453 seconds
[2015.05.18-22.55.59:559][ 26]LogSourceControl: RunCommandInternalRaw: 'git status --porcelain --ignored "D:/Unreal Projects/PSJ_FINAL/Content/FirstPersonBP/FirstPersonOverview.uasset"'
[2015.05.18-22.55.59:575][ 27]LogSourceControl: RunCommandInternalRaw: ExecProcess ReturnCode=0 OutResults=''
[2015.05.18-22.56.01:924][157]LogRenderer:Warning: Reallocating scene render targets to support 1208x576 (Frame:5).
[2015.05.18-22.56.13:893][845]LogContentBrowser:Verbose: The content browser source was changed by the sources view to '/Game/FirstPersonBP/Character'
[2015.05.18-22.56.14:924][886]LogSourceControl: RunCommandInternalRaw: 'git status --porcelain --ignored "D:/Unreal Projects/PSJ_FINAL/Content/FirstPersonBP/Character/FirstPerson_AnimBlueprint.uasset" "D:/Unreal Projects/PSJ_FINAL/Content/FirstPersonBP/Character/FirstPerson_Skeleton.uasset" "D:/Unreal Projects/PSJ_FINAL/Content/FirstPersonBP/Character/FirstPerson_SkelMesh.uasset" "D:/Unreal Projects/PSJ_FINAL/Content/FirstPersonBP/Character/flare.uasset"'
[2015.05.18-22.56.14:939][887]LogSourceControl: RunCommandInternalRaw: ExecProcess ReturnCode=0 OutResults=''
[2015.05.19-01.27.20:491][710]Cmd: QUIT_EDITOR
[2015.05.19-01.27.21:892][710]LogExit: Preparing to exit.
[2015.05.19-01.27.26:051][710]LogExit: Editor shut down
[2015.05.19-01.27.26:060][710]LogExit: Transaction tracking system shut down
[2015.05.19-01.27.26:167][710]LogParticles: Destroying 0 GPU particle simulations for FXSystem 0x000000B5860694E0
[2015.05.19-01.27.26:253][710]LogParticles: Destroying 0 GPU particle simulations for FXSystem 0x000000B5BDF85300
[2015.05.19-01.27.35:032][710]LogParticles: Destroying 0 GPU particle simulations for FXSystem 0x000000B5BDF87C40
[2015.05.19-01.27.35:032][710]LogParticles: Destroying 0 GPU particle simulations for FXSystem 0x000000B5BDF877E0
[2015.05.19-01.27.35:032][710]LogExit: Object subsystem successfully closed.
[2015.05.19-01.27.38:360][710]LogModuleManager: Shutting down and abandoning module CrashTracker (177)
[2015.05.19-01.27.38:393][710]LogModuleManager: Shutting down and abandoning module SuperSearch (176)
[2015.05.19-01.27.38:393][710]LogModuleManager: Shutting down and abandoning module SceneOutliner (175)
[2015.05.19-01.27.38:403][710]LogModuleManager: Shutting down and abandoning module EditorWidgets (174)
[2015.05.19-01.27.38:403][710]LogModuleManager: Shutting down and abandoning module CollectionManager (173)
[2015.05.19-01.27.38:433][710]LogModuleManager: Shutting down and abandoning module StatsViewer (172)
[2015.05.19-01.27.38:474][710]LogModuleManager: Shutting down and abandoning module FoliageEdit (171)
[2015.05.19-01.27.38:474][710]LogModuleManager: Shutting down and abandoning module LandscapeEditor (170)
[2015.05.19-01.27.38:523][710]LogModuleManager: Shutting down and abandoning module MeshPaint (169)
[2015.05.19-01.27.38:552][710]LogModuleManager: Shutting down and abandoning module ActorPickerMode (168)
[2015.05.19-01.27.38:552][710]LogModuleManager: Shutting down and abandoning module GeometryMode (167)
[2015.05.19-01.27.38:552][710]LogModuleManager: Shutting down and abandoning module TextureAlignMode (166)
[2015.05.19-01.27.38:552][710]LogModuleManager: Shutting down and abandoning module BspMode (165)
[2015.05.19-01.27.38:552][710]LogModuleManager: Shutting down and abandoning module PlacementMode (164)
[2015.05.19-01.27.38:552][710]LogModuleManager: Shutting down and abandoning module AutomationWorker (163)
[2015.05.19-01.27.38:552][710]LogModuleManager: Shutting down and abandoning module CharacterAI (162)
[2015.05.19-01.27.38:552][710]LogModuleManager: Shutting down and abandoning module SmartSnapping (161)
[2015.05.19-01.27.38:552][710]LogModuleManager: Shutting down and abandoning module ViewportSnapping (160)
[2015.05.19-01.27.38:552][710]LogModuleManager: Shutting down and abandoning module LogVisualizer (159)
[2015.05.19-01.27.38:647][710]LogModuleManager: Shutting down and abandoning module GameProjectGeneration (158)
[2015.05.19-01.27.38:701][710]LogModuleManager: Shutting down and abandoning module IntroTutorials (157)
[2015.05.19-01.27.38:808][710]LogModuleManager: Shutting down and abandoning module EditorLiveStreaming (156)
[2015.05.19-01.27.38:817][710]LogModuleManager: Shutting down and abandoning module HardwareTargeting (155)
[2015.05.19-01.27.38:817][710]LogModuleManager: Shutting down and abandoning module DeviceProfileEditor (154)
[2015.05.19-01.27.38:824][710]LogModuleManager: Shutting down and abandoning module UndoHistory (153)
[2015.05.19-01.27.38:836][710]LogModuleManager: Shutting down and abandoning module GameplayTagsEditor (152)
[2015.05.19-01.27.38:836][710]LogModuleManager: Shutting down and abandoning module UserFeedback (151)
[2015.05.19-01.27.38:836][710]LogModuleManager: Shutting down and abandoning module XmlParser (150)
[2015.05.19-01.27.38:851][710]LogModuleManager: Shutting down and abandoning module Blutility (149)
[2015.05.19-01.27.38:851][710]LogModuleManager: Shutting down and abandoning module IOSPlatformEditor (148)
[2015.05.19-01.27.38:851][710]LogModuleManager: Shutting down and abandoning module IOSRuntimeSettings (147)
[2015.05.19-01.27.38:851][710]LogModuleManager: Shutting down and abandoning module AndroidDeviceDetection (146)
[2015.05.19-01.27.39:235][710]LogModuleManager: Shutting down and abandoning module AndroidPlatformEditor (145)
[2015.05.19-01.27.39:241][710]LogModuleManager: Shutting down and abandoning module AndroidRuntimeSettings (144)
[2015.05.19-01.27.39:241][710]LogModuleManager: Shutting down and abandoning module ProjectTargetPlatformEditor (143)
[2015.05.19-01.27.39:285][710]LogModuleManager: Shutting down and abandoning module ProjectSettingsViewer (142)
[2015.05.19-01.27.39:288][710]LogModuleManager: Shutting down and abandoning module InputBindingEditor (141)
[2015.05.19-01.27.39:350][710]LogModuleManager: Shutting down and abandoning module EditorSettingsViewer (140)
[2015.05.19-01.27.39:363][710]LogModuleManager: Shutting down and abandoning module SettingsEditor (139)
[2015.05.19-01.27.39:377][710]LogModuleManager: Shutting down and abandoning module ProjectLauncher (138)
[2015.05.19-01.27.39:401][710]LogModuleManager: Shutting down and abandoning module SessionFrontend (137)
[2015.05.19-01.27.39:408][710]LogModuleManager: Shutting down and abandoning module ProfilerClient (136)
[2015.05.19-01.27.39:436][710]LogModuleManager: Shutting down and abandoning module TargetDeviceServices (135)
[2015.05.19-01.27.39:444][710]LogModuleManager: Shutting down and abandoning module DeviceManager (134)
[2015.05.19-01.27.39:488][710]LogModuleManager: Shutting down and abandoning module AutomationController (133)
[2015.05.19-01.27.39:509][710]LogModuleManager: Shutting down and abandoning module AutomationWindow (132)
[2015.05.19-01.27.39:520][710]LogModuleManager: Shutting down and abandoning module Layers (131)
[2015.05.19-01.27.39:595][710]LogModuleManager: Shutting down and abandoning module ComponentVisualizers (130)
[2015.05.19-01.27.39:595][710]LogModuleManager: Shutting down and abandoning module DetailCustomizations (129)
[2015.05.19-01.27.39:655][710]LogModuleManager: Shutting down and abandoning module PackagesDialog (128)
[2015.05.19-01.27.39:680][710]LogModuleManager: Shutting down and abandoning module AssetRegistry (127)
[2015.05.19-01.27.40:198][710]LogModuleManager: Shutting down and abandoning module Persona (126)
[2015.05.19-01.27.40:250][710]LogModuleManager: Shutting down and abandoning module SlateReflector (125)
[2015.05.19-01.27.40:269][710]LogModuleManager: Shutting down and abandoning module LevelEditor (124)
[2015.05.19-01.27.40:430][710]LogModuleManager: Shutting down and abandoning module Kismet (123)
[2015.05.19-01.27.40:513][710]LogModuleManager: Shutting down and abandoning module GraphEditor (122)
[2015.05.19-01.27.40:651][710]LogModuleManager: Shutting down and abandoning module ClassViewer (121)
[2015.05.19-01.27.40:651][710]LogModuleManager: Shutting down and abandoning module Toolbox (120)
[2015.05.19-01.27.40:651][710]LogModuleManager: Shutting down and abandoning module ModuleUI (119)
[2015.05.19-01.27.40:667][710]LogModuleManager: Shutting down and abandoning module MovieSceneTools (118)
[2015.05.19-01.27.40:701][710]LogModuleManager: Shutting down and abandoning module OutputLog (117)
[2015.05.19-01.27.40:701][710]LogModuleManager: Shutting down and abandoning module GammaUI (116)
[2015.05.19-01.27.40:714][710]LogModuleManager: Shutting down and abandoning module Documentation (115)
[2015.05.19-01.27.40:726][710]LogModuleManager: Shutting down and abandoning module GameLiveStreaming (114)
[2015.05.19-01.27.40:737][710]LogModuleManager: Shutting down and abandoning module StreamingPauseRendering (113)
[2015.05.19-01.27.40:746][710]LogModuleManager: Shutting down and abandoning module HTTP (112)
[2015.05.19-01.27.40:747][710]LogModuleManager: Shutting down and abandoning module AnalyticsET (111)
[2015.05.19-01.27.40:747][710]LogModuleManager: Shutting down and abandoning module Analytics (110)
[2015.05.19-01.27.40:747][710]LogModuleManager: Shutting down and abandoning module AITestSuite (109)
[2015.05.19-01.27.40:761][710]LogModuleManager: Shutting down and abandoning module GameplayDebugger (108)
[2015.05.19-01.27.40:787][710]LogModuleManager: Shutting down and abandoning module AIModule (107)
[2015.05.19-01.27.40:814][710]LogModuleManager: Shutting down and abandoning module ProfilerService (106)
[2015.05.19-01.27.41:018][710]LogModuleManager: Shutting down and abandoning module TaskGraph (105)
[2015.05.19-01.27.41:253][710]LogModuleManager: Shutting down and abandoning module SlateRemote (104)
[2015.05.19-01.27.41:253][710]LogModuleManager: Shutting down and abandoning module ScriptEditorPlugin (103)
[2015.05.19-01.27.41:253][710]LogModuleManager: Shutting down and abandoning module CustomMeshComponent (102)
[2015.05.19-01.27.41:253][710]LogModuleManager: Shutting down and abandoning module CableComponent (101)
[2015.05.19-01.27.41:279][710]LogModuleManager: Shutting down and abandoning module MessagingDebugger (100)
[2015.05.19-01.27.41:438][710]LogModuleManager: Shutting down and abandoning module MediaPlayerEditor (99)
[2015.05.19-01.27.41:484][710]LogModuleManager: Shutting down and abandoning module SpeedTreeImporter (98)
[2015.05.19-01.27.41:484][710]LogModuleManager: Shutting down and abandoning module PluginsEditor (97)
[2015.05.19-01.27.41:512][710]LogModuleManager: Shutting down and abandoning module MainFrame (96)
[2015.05.19-01.27.41:512][710]LogModuleManager: Shutting down and abandoning module EpicSurvey (95)
[2015.05.19-01.27.41:576][710]LogModuleManager: Shutting down and abandoning module DesktopPlatform (94)
[2015.05.19-01.27.41:617][710]LogModuleManager: Shutting down and abandoning module DirectoryWatcher (93)
[2015.05.19-01.27.41:639][710]LogModuleManager: Shutting down and abandoning module HotReload (92)
[2015.05.19-01.27.41:639][710]LogModuleManager: Shutting down and abandoning module VisualStudioSourceCodeAccess (91)
[2015.05.19-01.27.41:639][710]LogModuleManager: Shutting down and abandoning module UObjectPlugin (90)
[2015.05.19-01.27.41:639][710]LogModuleManager: Shutting down and abandoning module SubversionSourceControl (89)
[2015.05.19-01.27.41:663][710]LogModuleManager: Shutting down and abandoning module PerforceSourceControl (88)
[2015.05.19-01.27.41:681][710]LogModuleManager: Shutting down and abandoning module SourceControl (87)
[2015.05.19-01.27.41:694][710]LogModuleManager: Shutting down and abandoning module GitSourceControl (86)
[2015.05.19-01.27.41:694][710]LogModuleManager: Shutting down and abandoning module BlankPlugin (85)
[2015.05.19-01.27.41:694][710]LogModuleManager: Shutting down and abandoning module PaperTiledImporter (84)
[2015.05.19-01.27.41:694][710]LogModuleManager: Shutting down and abandoning module PaperJsonImporter (83)
[2015.05.19-01.27.41:694][710]LogModuleManager: Shutting down and abandoning module ContentBrowser (82)
[2015.05.19-01.27.41:695][710]LogModuleManager: Shutting down and abandoning module Paper2DEditor (81)
[2015.05.19-01.27.41:724][710]LogModuleManager: Shutting down and abandoning module ScriptPlugin (80)
[2015.05.19-01.27.41:730][710]LogModuleManager: Shutting down and abandoning module UdpMessaging (79)
[2015.05.19-01.27.41:831][710]LogModuleManager: Shutting down and abandoning module Paper2D (78)
[2015.05.19-01.27.41:856][710]LogModuleManager: Shutting down and abandoning module WindowsMoviePlayer (77)
[2015.05.19-01.27.41:888][710]LogModuleManager: Shutting down and abandoning module Media (76)
[2015.05.19-01.27.41:888][710]LogModuleManager: Shutting down and abandoning module WmfMedia (75)
[2015.05.19-01.27.41:899][710]LogModuleManager: Shutting down and abandoning module OnlineBlueprintSupport (74)
[2015.05.19-01.27.41:899][710]LogModuleManager: Shutting down and abandoning module PropertyEditor (73)
[2015.05.19-01.27.41:931][710]LogModuleManager: Shutting down and abandoning module BehaviorTreeEditor (72)
[2015.05.19-01.27.41:960][710]LogModuleManager: Shutting down and abandoning module FunctionalTesting (71)
[2015.05.19-01.27.41:973][710]LogModuleManager: Shutting down and abandoning module CollisionAnalyzer (70)
[2015.05.19-01.27.41:997][710]LogModuleManager: Shutting down and abandoning module WorkspaceMenuStructure (69)
[2015.05.19-01.27.42:010][710]LogModuleManager: Shutting down and abandoning module MessageLog (68)
[2015.05.19-01.27.42:031][710]LogModuleManager: Shutting down and abandoning module Sequencer (67)
[2015.05.19-01.27.42:046][710]LogModuleManager: Shutting down and abandoning module AssetTools (66)
[2015.05.19-01.27.42:065][710]LogModuleManager: Shutting down and abandoning module UMGEditor (65)
[2015.05.19-01.27.42:080][710]LogModuleManager: Shutting down and abandoning module UMG (64)
[2015.05.19-01.27.42:088][710]LogModuleManager: Shutting down and abandoning module Slate (63)
[2015.05.19-01.27.42:088][710]LogModuleManager: Shutting down and abandoning module EditorStyle (62)
[2015.05.19-01.27.42:250][710]LogModuleManager: Shutting down and abandoning module SessionServices (61)
[2015.05.19-01.27.42:250][710]LogModuleManager: Shutting down and abandoning module SourceCodeAccess (60)
[2015.05.19-01.27.42:254][710]LogModuleManager: Shutting down and abandoning module HeadMountedDisplay (59)
[2015.05.19-01.27.42:254][710]LogModuleManager: Shutting down and abandoning module XAudio2 (58)
[2015.05.19-01.27.42:254][710]LogModuleManager: Shutting down and abandoning module Networking (56)
[2015.05.19-01.27.42:254][710]LogModuleManager: Shutting down and abandoning module Core (55)
[2015.05.19-01.27.42:254][710]LogModuleManager: Shutting down and abandoning module KismetCompiler (54)
[2015.05.19-01.27.42:254][710]LogModuleManager: Shutting down and abandoning module PhysXFormats (53)
[2015.05.19-01.27.42:264][710]LogModuleManager: Shutting down and abandoning module MeshUtilities (52)
[2015.05.19-01.27.42:347][710]LogModuleManager: Shutting down and abandoning module DerivedDataCache (51)
[2015.05.19-01.27.42:431][710]LogDerivedDataCache: Shutdown
[2015.05.19-01.27.42:431][710]LogModuleManager: Shutting down and abandoning module ShaderFormatOpenGL (50)
[2015.05.19-01.27.42:447][710]LogModuleManager: Shutting down and abandoning module ShaderFormatD3D (49)
[2015.05.19-01.27.42:462][710]LogModuleManager: Shutting down and abandoning module MetalShaderFormat (48)
[2015.05.19-01.27.42:502][710]LogModuleManager: Shutting down and abandoning module TextureFormatUncompressed (47)
[2015.05.19-01.27.42:503][710]LogModuleManager: Shutting down and abandoning module TextureFormatPVR (46)
[2015.05.19-01.27.42:503][710]LogModuleManager: Shutting down and abandoning module TextureFormatIntelISPCTexComp (45)
[2015.05.19-01.27.42:504][710]LogModuleManager: Shutting down and abandoning module TextureFormatDXT (44)
[2015.05.19-01.27.42:504][710]LogModuleManager: Shutting down and abandoning module ImageWrapper (43)
[2015.05.19-01.27.42:504][710]LogModuleManager: Shutting down and abandoning module TextureFormatASTC (42)
[2015.05.19-01.27.42:505][710]LogModuleManager: Shutting down and abandoning module TextureFormatAndroid (41)
[2015.05.19-01.27.42:525][710]LogModuleManager: Shutting down and abandoning module AudioFormatOpus (40)
[2015.05.19-01.27.42:525][710]LogModuleManager: Shutting down and abandoning module AudioFormatOgg (39)
[2015.05.19-01.27.42:526][710]LogModuleManager: Shutting down and abandoning module AudioFormatADPCM (38)
[2015.05.19-01.27.42:526][710]LogModuleManager: Shutting down and abandoning module LinuxTargetPlatform (37)
[2015.05.19-01.27.42:580][710]LogModuleManager: Shutting down and abandoning module LinuxServerTargetPlatform (36)
[2015.05.19-01.27.42:625][710]LogModuleManager: Shutting down and abandoning module LinuxNoEditorTargetPlatform (35)
[2015.05.19-01.27.42:635][710]LogModuleManager: Shutting down and abandoning module Messaging (34)
[2015.05.19-01.27.42:635][710]LogModuleManager: Shutting down and abandoning module IOSTargetPlatform (33)
[2015.05.19-01.27.42:651][710]LogModuleManager: Shutting down and abandoning module HTML5TargetPlatform (32)
[2015.05.19-01.27.42:673][710]LogModuleManager: Shutting down and abandoning module Android_PVRTCTargetPlatform (31)
[2015.05.19-01.27.42:674][710]LogModuleManager: Shutting down and abandoning module Android_ETC2TargetPlatform (30)
[2015.05.19-01.27.42:674][710]LogModuleManager: Shutting down and abandoning module Android_ETC1TargetPlatform (29)
[2015.05.19-01.27.42:674][710]LogModuleManager: Shutting down and abandoning module Android_ES31TargetPlatform (28)
[2015.05.19-01.27.42:674][710]LogModuleManager: Shutting down and abandoning module Android_DXTTargetPlatform (27)
[2015.05.19-01.27.42:674][710]LogModuleManager: Shutting down and abandoning module Android_ATCTargetPlatform (26)
[2015.05.19-01.27.42:675][710]LogModuleManager: Shutting down and abandoning module AndroidTargetPlatform (25)
[2015.05.19-01.27.42:675][710]LogModuleManager: Shutting down and abandoning module WindowsTargetPlatform (24)
[2015.05.19-01.27.42:699][710]LogModuleManager: Shutting down and abandoning module WindowsServerTargetPlatform (23)
[2015.05.19-01.27.42:699][710]LogModuleManager: Shutting down and abandoning module WindowsNoEditorTargetPlatform (22)
[2015.05.19-01.27.42:706][710]LogModuleManager: Shutting down and abandoning module WindowsClientTargetPlatform (21)
[2015.05.19-01.27.42:707][710]LogModuleManager: Shutting down and abandoning module TargetPlatform (20)
[2015.05.19-01.27.42:745][710]LogModuleManager: Shutting down and abandoning module InputCore (19)
[2015.05.19-01.27.42:745][710]LogModuleManager: Shutting down and abandoning module Settings (18)
[2015.05.19-01.27.42:779][710]LogModuleManager: Shutting down and abandoning module OnlineSubsystem (16)
[2015.05.19-01.27.42:779][710]LogModuleManager: Shutting down and abandoning module OculusRift (15)
[2015.05.19-01.27.42:798][710]LogModuleManager: Shutting down and abandoning module ExampleDeviceProfileSelector (14)
[2015.05.19-01.27.42:813][710]LogModuleManager: Shutting down and abandoning module TextureCompressor (13)
[2015.05.19-01.27.42:866][710]LogModuleManager: Shutting down and abandoning module ShaderCore (12)
[2015.05.19-01.27.42:866][710]LogModuleManager: Shutting down and abandoning module Landscape (11)
[2015.05.19-01.27.42:866][710]LogModuleManager: Shutting down and abandoning module SlateRHIRenderer (10)
[2015.05.19-01.27.42:991][710]LogModuleManager: Shutting down and abandoning module OpenGLDrv (9)
[2015.05.19-01.27.43:011][710]LogModuleManager: Shutting down and abandoning module D3D11RHI (8)
[2015.05.19-01.27.43:011][710]LogModuleManager: Shutting down and abandoning module Renderer (7)
[2015.05.19-01.27.43:011][710]LogModuleManager: Shutting down and abandoning module Engine (6)
[2015.05.19-01.27.43:011][710]LogModuleManager: Shutting down and abandoning module CoreUObject (5)
[2015.05.19-01.27.43:011][710]LogModuleManager: Shutting down and abandoning module NetworkFile (4)
[2015.05.19-01.27.43:034][710]LogModuleManager: Shutting down and abandoning module StreamingFile (3)
[2015.05.19-01.27.43:048][710]LogModuleManager: Shutting down and abandoning module SandboxFile (2)
[2015.05.19-01.27.43:048][710]LogModuleManager: Shutting down and abandoning module PakFile (1)
[2015.05.19-01.27.43:136][710]LogExit: Exiting.
[2015.05.19-01.27.43:464][710]Log file closed, 05/19/15 02:27:43
