Log file open, 05/19/15 19:35:56
LogInit:Display: Running engine for game: PSJ_FINAL
LogInit: Version: 4.7.6-2513093+++depot+UE4-Releases+4.7
LogInit: API Version: 2455222
LogInit: Compiled (64-bit): Apr 15 2015 12:09:54
LogInit: Compiled with Visual C++: 18.00.21005.01
LogInit: Build Configuration: Development
LogInit: Branch Name: ++depot+UE4-Releases+4.7
LogInit: Command line:  
LogInit: Base directory: D:/Program Files/Epic Games/4.7/Engine/Binaries/Win64/
LogInit: Rocket: 1
[2015.05.19-18.35.56:342][  0]LogTaskGraph: Started task graph with 3 named threads and 6 total threads.
[2015.05.19-18.35.56:395][  0]LogOnline:Warning: No default platform service specified for OnlineSubsystem
[2015.05.19-18.35.56:515][  0]LogInit: Presizing for 0 objects not considered by GC, pre-allocating 0 bytes.
[2015.05.19-18.35.56:718][  0]LogInit: Object subsystem initialized
[2015.05.19-18.35.56:870][  0]LogConsoleResponse:Warning: Skipping Unknown console variable: 'TranslucentSortAxis = (X=0.000000,Y=-1.000000,Z=0.000000)'
[2015.05.19-18.35.56:870][  0]LogConsoleResponse:Warning:   Found in ini file 'D:/Unreal Projects/PSJ_FINAL/Saved/Config/Windows/Engine.ini', in section '[/Script/Engine.RendererSettings]'
[2015.05.19-18.35.56:870][  0]LogConsoleResponse:Warning: Skipping Unknown console variable: 'UIScaleRule = ShortestSide'
[2015.05.19-18.35.56:870][  0]LogConsoleResponse:Warning:   Found in ini file 'D:/Unreal Projects/PSJ_FINAL/Saved/Config/Windows/Engine.ini', in section '[/Script/Engine.RendererSettings]'
[2015.05.19-18.35.56:870][  0]LogConsoleResponse:Warning: Skipping Unknown console variable: 'UIScaleCurve = (EditorCurveData=(Keys=),ExternalCurve=None)'
[2015.05.19-18.35.56:870][  0]LogConsoleResponse:Warning:   Found in ini file 'D:/Unreal Projects/PSJ_FINAL/Saved/Config/Windows/Engine.ini', in section '[/Script/Engine.RendererSettings]'
[2015.05.19-18.35.56:936][  0]LogInit: Selected Device Profile: [Windows]
[2015.05.19-18.35.56:941][  0]LogInit: Applying CVar settings loaded from the selected device profile: [Windows]
[2015.05.19-18.35.57:103][  0]LogInit: Computer: BADIM-ALIEN
[2015.05.19-18.35.57:103][  0]LogInit: User: Carlos
[2015.05.19-18.35.57:103][  0]LogInit: CPU Page size=4096, Cores=4
[2015.05.19-18.35.57:103][  0]LogInit: High frequency timer resolution =2.338342 MHz
[2015.05.19-18.35.57:103][  0]LogMemory: Memory total: Physical=7.9GB (8GB approx) Virtual=131072.0GB
[2015.05.19-18.35.57:103][  0]LogMemory: Platform Memory Stats for Windows
[2015.05.19-18.35.57:103][  0]LogMemory: Process Physical Memory: 45.98 MB used, 45.98 MB peak
[2015.05.19-18.35.57:103][  0]LogMemory: Process Virtual Memory: 22.66 MB used, 22.66 MB peak
[2015.05.19-18.35.57:103][  0]LogMemory: Physical Memory: 4032.93 MB used, 8073.02 MB total
[2015.05.19-18.35.57:103][  0]LogMemory: Virtual Memory: 285.13 MB used, 134217728.00 MB total
[2015.05.19-18.35.57:300][  0]LogD3D11RHI: Found D3D11 adapter 0: Intel(R) HD Graphics 4600 (Feature Level 11_0)
[2015.05.19-18.35.57:300][  0]LogD3D11RHI: Adapter has 0MB of dedicated video memory, 0MB of dedicated system memory, and 1792MB of shared system memory, 1 output[s]
[2015.05.19-18.35.57:315][  0]LogD3D11RHI: Found D3D11 adapter 1: NVIDIA GeForce GTX 765M  (Feature Level 11_0)
[2015.05.19-18.35.57:315][  0]LogD3D11RHI: Adapter has 1986MB of dedicated video memory, 0MB of dedicated system memory, and 2048MB of shared system memory, 0 output[s]
[2015.05.19-18.35.57:317][  0]LogD3D11RHI: Found D3D11 adapter 2: Microsoft Basic Render Driver (Feature Level 11_0)
[2015.05.19-18.35.57:317][  0]LogD3D11RHI: Adapter has 0MB of dedicated video memory, 0MB of dedicated system memory, and 256MB of shared system memory, 0 output[s]
[2015.05.19-18.35.57:317][  0]LogD3D11RHI: Chosen D3D11 Adapter Id = 0
[2015.05.19-18.35.57:324][  0]LogRHI: Texture pool is 1361 MB (70% of 1945 MB)
[2015.05.19-18.35.57:339][  0]LogD3D11RHI: Async texture creation enabled
[2015.05.19-18.35.59:128][  0]LogTextLocalizationManager: The requested culture ('pt_PT') has no localization data; falling back to 'en' for localization and internationalization data.
[2015.05.19-18.35.59:385][  0]LogTextLocalizationManager:Warning: Loading localization resources contain conflicting entries for (Namespace:UICommands, Key:Save_ToolTip):
Resource: (D:/Program Files/Epic Games/4.7/Engine/Content/Localization/Editor/en/Editor.locres) Hash: (-29098895) String: (Saves the current level to disk)
Resource: (D:/Program Files/Epic Games/4.7/Engine/Content/Localization/Engine/en/Engine.locres) Hash: (-1280300587) String: (Save selected data to vlog file)
[2015.05.19-18.35.59:385][  0]LogTextLocalizationManager:Warning: Loading localization resources contain conflicting entries for (Namespace:ContentBrowser, Key:ImportAssetToolTip):
Resource: (D:/Program Files/Epic Games/4.7/Engine/Content/Localization/Editor/en/Editor.locres) Hash: (-630476809) String: (Import to {0}...)
Resource: (D:/Program Files/Epic Games/4.7/Engine/Content/Localization/Editor/en/Editor.locres) Hash: (1271782899) String: (Imports an asset from file to this folder.)
[2015.05.19-18.35.59:527][  0]LogContentStreaming: Texture pool size is 0.000000MB
[2015.05.19-18.36.05:338][  0]LogTargetPlatformManager:Display: Building Assets For Windows
[2015.05.19-18.36.06:532][  0]LogTargetPlatformManager:Display: Building Assets For Windows
[2015.05.19-18.36.06:799][  0]LogDerivedDataCache:Display: Max Cache Size: 512 MB
[2015.05.19-18.36.06:912][  0]LogDerivedDataCache: Loaded boot cache 0.11s 39MB C:/Users/Carlos/AppData/Local/UnrealEngine/4.7/DerivedDataCache/Boot.ddc.
[2015.05.19-18.36.06:912][  0]LogDerivedDataCache:Display: Loaded Boot cache: C:/Users/Carlos/AppData/Local/UnrealEngine/4.7/DerivedDataCache/Boot.ddc
[2015.05.19-18.36.06:912][  0]LogDerivedDataCache: FDerivedDataBackendGraph:  Pak pak cache file ../../../../../../Unreal Projects/PSJ_FINAL/DerivedDataCache/DDC.ddp not found, will not use a pak cache.
[2015.05.19-18.36.06:912][  0]LogDerivedDataCache: Unable to find inner node Pak for hierarchical cache Hierarchy.
[2015.05.19-18.36.07:177][  0]LogDerivedDataCache:Display: Pak cache opened for reading ../../../Engine/DerivedDataCache/Compressed.ddp.
[2015.05.19-18.36.07:190][  0]LogDerivedDataCache: Using Local data cache path C:/Users/Carlos/AppData/Local/UnrealEngine/Common/DerivedDataCache: Writable
[2015.05.19-18.36.16:162][  0]LogMeshUtilities: No automatic mesh reduction module available
[2015.05.19-18.36.16:162][  0]LogMeshUtilities: No automatic mesh merging module available
[2015.05.19-18.36.20:280][  0]LogInit: WinSock: version 1.1 (2.2), MaxSocks=32767, MaxUdp=65467
[2015.05.19-18.36.20:639][  0]LogSlate:Warning: Failed to load font data from '../../../Engine/Content/Slate/Fonts/Roboto-Italic.ttf'
[2015.05.19-18.36.28:705][  0]UdpMessaging: Initializing bridge on interface 0.0.0.0:0 to multicast group 230.0.0.1:6666.
[2015.05.19-18.36.29:510][  0]SourceControl: Info Source control is disabled
[2015.05.19-18.36.29:522][  0]SourceControl: Info Source control is disabled
[2015.05.19-18.36.29:522][  0]SourceControl: Info Source control is disabled
[2015.05.19-18.36.29:528][  0]LogSourceControl: RunCommandInternalRaw: 'git version'
[2015.05.19-18.36.29:542][  0]LogSourceControl: RunCommandInternalRaw: ExecProcess ReturnCode=0 OutResults='git version 1.9.5.github.0
'
[2015.05.19-18.36.30:536][  0]LogObj: 24232 objects as part of root set at end of initial load.
[2015.05.19-18.36.30:536][  0]LogUObjectAllocator: 5137176 out of 0 bytes used by permanent object pool.
[2015.05.19-18.36.31:399][  0]LogEngine: Initializing Engine...
[2015.05.19-18.36.33:939][  0]LogInit: XAudio2 using 'Speakers / Headphones (Realtek High Definition Audio)' : 2 channels at 48 kHz using 32 bits per sample (channel mask 0x3)
[2015.05.19-18.36.33:984][  0]LogInit: FAudioDevice initialized.
[2015.05.19-18.36.34:344][  0]LogAIModule: Creating AISystem for world NewWorld
[2015.05.19-18.36.34:414][  0]LogDerivedDataCache: Saved boot cache 0.02s 39MB C:/Users/Carlos/AppData/Local/UnrealEngine/4.7/DerivedDataCache/Boot.ddc.
[2015.05.19-18.36.34:419][  0]LogInit: Texture streaming: Enabled
[2015.05.19-18.36.34:832][  0]LogAnalytics: Creating configured Analytics provider AnalyticsET
[2015.05.19-18.36.34:832][  0]LogAnalytics: ET APIKey = Rocket.Release. APIServer = http://et2.epicgames.com/ET2/. AppVersion = 4.7.6-2513093+++depot+UE4-Releases+4.7
[2015.05.19-18.36.34:832][  0]LogAnalytics: ET APIKey = Rocket.Release. DataRouterUploadURL = https://datarouter-public-service-gamedev.ol.epicgames.net/datarouter/api/v1/public/data. AppVersion = 4.7.6-2513093+++depot+UE4-Releases+4.7
[2015.05.19-18.36.34:832][  0]LogAnalytics: SetUserId c6dafa5f4c8d91dc08e0f69686e34649|b8e039ebb1904c9aa23b736c0702fcb5|9f8a7cb1-0bce-48a6-a6b8-4330302a240d
[2015.05.19-18.36.34:875][  0]LogAnalytics: AnalyticsET::StartSession [Rocket.Release]
[2015.05.19-18.36.35:104][  0]LogInit: Transaction tracking system initialized
[2015.05.19-18.36.35:908][  0]BlueprintLog: New page: Editor Load
[2015.05.19-18.36.36:019][  0]LogAssetRegistry: FAssetRegistry took 0.0238 seconds to start up
[2015.05.19-18.36.36:020][  0]LogDirectoryWatcher:Warning: Failed to begin reading directory changes for ../../../Engine/Plugins/Experimental/CharacterAI/Content/. Error: 0
[2015.05.19-18.36.38:623][  0]LogTargetPlatformManager:Display: Building Assets For Windows
[2015.05.19-18.36.38:951][  0]LogTargetPlatformManager:Display: Building Assets For Windows
[2015.05.19-18.36.40:299][  0]LogSlate:Warning: Failed to load font data from '../../../Engine/Content/Editor/Slate/Fonts/Roboto-Regular.ttf'
[2015.05.19-18.36.40:300][  0]LogSlate:Warning: Failed to load font data from '../../../Engine/Content/Editor/Slate/Fonts/Roboto-Bold.ttf'
[2015.05.19-18.36.40:366][  0]LogConsoleResponse:Display: 
[2015.05.19-18.36.42:797][  0]LogCook:Display: Done creating registry. It took  0.00s.
[2015.05.19-18.36.43:906][  0]LogSourceControl: RunCommandInternalRaw: 'git version'
[2015.05.19-18.36.43:915][  0]LogSourceControl: RunCommandInternalRaw: ExecProcess ReturnCode=0 OutResults='git version 1.9.5.github.0
'
[2015.05.19-18.36.43:983][  0]Cmd: MAP LOAD FILE="../../../../../../Unreal Projects/PSJ_FINAL/Content/FirstPersonBP/Maps/FirstPersonExampleMap.umap" TEMPLATE=0 SHOWPROGRESS=1 FEATURELEVEL=3
[2015.05.19-18.36.43:983][  0]LightingResults: New page: Lighting Build
[2015.05.19-18.36.44:092][  0]MapCheck: New page: Map Check
[2015.05.19-18.36.44:092][  0]LightingResults: New page: Lighting Build
[2015.05.19-18.36.44:222][  0]LogParticles: Destroying 0 GPU particle simulations for FXSystem 0x000000CB1C8A8680
[2015.05.19-18.36.44:526][  0]LogLinker:Warning: Asset '../../../Engine/Content/EngineMeshes/Humanoid.uasset' has been saved with empty engine version. The asset will be loaded but may be incompatible.
[2015.05.19-18.36.47:940][  0]LogMaterial: Missing cached shader map for material bulletWavem, compiling. 
[2015.05.19-18.36.48:052][  0]LogMaterial: Missing cached shader map for material bulletm, compiling. 
[2015.05.19-18.36.49:849][  0]LogEditorServer: Finished looking for orphan Actors (0.000 secs)
[2015.05.19-18.36.52:173][  0]LogAIModule: Creating AISystem for world FirstPersonExampleMap
[2015.05.19-18.36.52:187][  0]Cmd: MAP CHECKDEP
[2015.05.19-18.36.52:202][  0]MapCheck: New page: FirstPersonExampleMap - May 19, 2015, 8:36:52 PM
[2015.05.19-18.36.52:342][  0]MapCheck: Info Map check complete: 0 Error(s), 0 Warning(s), took 153.912ms to complete.
[2015.05.19-18.36.52:342][  0]LogFileHelpers: Loading map 'FirstPersonExampleMap' took 8.388
[2015.05.19-18.36.54:705][  0]LogSourceControl: RunCommandInternalRaw: 'git status'
[2015.05.19-18.36.54:705][  0]LogSourceControl: RunCommandInternalRaw: ExecProcess ReturnCode=0 OutResults='On branch master
Your branch is up-to-date with 'origin/master'.

Changes not staged for commit:
  (use "git add/rm <file>..." to update what will be committed)
  (use "git checkout -- <file>..." to discard changes in working directory)

	modified:   Intermediate/CachedAssetRegistry.bin
	deleted:    Intermediate/CachedAssetRegistry.bin.tmp
	modified:   Saved/AutoScreenshot.png
	modified:   Saved/Config/Windows/EditorLayout.ini
	modified:   Saved/Config/Windows/EditorUserSettings.ini
	modified:   Saved/Config/Windows/Engine.ini
	modified:   Saved/Config/Windows/SourceControlSettings.ini
	modified:   Saved/Logs/PSJ_FINAL.log

Untracked files:
  (use "git add <file>..." to include in what will be committed)

	Intermediate/Shaders/
	Saved/HardwareSurvey/
	Saved/Logs/PSJ_FINAL-backup-2015.05.18-21.19.18.log
	Saved/Logs/PSJ_FINAL-backup-2015.05.18-23.54.59.log
	Saved/Logs/PSJ_FINAL-backup-2015.05.19-19.35.56.log

no changes added to commit (use "git add" and/or "git commit -a")
'
[2015.05.19-18.36.54:705][  0]LogSourceControl: RunCommandInternalRaw: 'git symbolic-ref --short HEAD'
[2015.05.19-18.36.54:705][  0]LogSourceControl: RunCommandInternalRaw: ExecProcess ReturnCode=0 OutResults='master
'
[2015.05.19-18.36.54:705][  0]LogCollectionManager: Loaded 0 collections in 0.001052 seconds
[2015.05.19-18.36.54:750][  0]LogContentBrowser: Native class hierarchy populated in 0.0442 seconds. Added 1696 classes and 261 folders.
[2015.05.19-18.36.55:006][  0]LogContentBrowser: Native class hierarchy updated for 'SceneOutliner' in 0.0014 seconds. Added 1 classes and 2 folders.
[2015.05.19-18.36.55:460][  0]LogCrashTracker: Crashtracker disabled due to settings.
[2015.05.19-18.36.55:532][  0]LogSlate:Warning: Failed to load font data from 'Veranda'
[2015.05.19-18.36.55:678][  0]LogUObjectGlobals:Warning: Failed to find object 'Class None.'
[2015.05.19-18.36.55:779][  0]LogLoad: Full Startup: 69.54 seconds (BP compile: 0.97 seconds)
[2015.05.19-18.36.56:220][  0]LogContentBrowser:Verbose: The content browser source was changed by the sources view to '/Game/FirstPersonBP/Character'
[2015.05.19-18.36.56:422][  0]SourceControl: Info master
[2015.05.19-18.36.56:851][  0]LogRenderer:Warning: Reallocating scene render targets to support 1208x576 (Frame:2).
[2015.05.19-18.36.58:375][  5]LogAssetRegistry: Asset discovery search completed in 22.3805 seconds
[2015.05.19-18.36.59:715][ 10]LogSourceControl: RunCommandInternalRaw: 'git status --porcelain --ignored "D:/Unreal Projects/PSJ_FINAL/Content/FirstPersonBP/Character/FirstPerson_AnimBlueprint.uasset" "D:/Unreal Projects/PSJ_FINAL/Content/FirstPersonBP/Character/FirstPerson_Skeleton.uasset" "D:/Unreal Projects/PSJ_FINAL/Content/FirstPersonBP/Character/FirstPerson_SkelMesh.uasset" "D:/Unreal Projects/PSJ_FINAL/Content/FirstPersonBP/Character/flare.uasset" "D:/Unreal Projects/PSJ_FINAL/Content/FirstPersonBP/Character/flareWave.uasset"'
[2015.05.19-18.37.00:029][ 11]LogSourceControl: RunCommandInternalRaw: ExecProcess ReturnCode=0 OutResults=''
[2015.05.19-18.48.55:153][440]LogLinker:Warning: Asset '../../../Engine/Content/Tutorial/SubEditors/PersonaAnimEditorTutorial.uasset' has been saved with empty engine version. The asset will be loaded but may be incompatible.
[2015.05.19-18.48.55:628][441]LogRenderer:Warning: Reallocating scene render targets to support 1208x880 (Frame:1885).
[2015.05.19-18.49.06:515][637]LogRenderer:Warning: Reallocating scene render targets to support 1208x920 (Frame:2136).
[2015.05.19-18.49.06:515][637]LogContentBrowser:Verbose: The majority of assets in the view are of type: AnimSequence
[2015.05.19-18.49.07:340][683]LogSourceControl: RunCommandInternalRaw: 'git status --porcelain --ignored "D:/Unreal Projects/PSJ_FINAL/Content/FirstPersonBP/Animations/FirstPerson_Fire.uasset" "D:/Unreal Projects/PSJ_FINAL/Content/FirstPersonBP/Animations/FirstPerson_Fire_Montage.uasset" "D:/Unreal Projects/PSJ_FINAL/Content/FirstPersonBP/Animations/FirstPerson_Idle.uasset" "D:/Unreal Projects/PSJ_FINAL/Content/FirstPersonBP/Animations/FirstPerson_JumpEnd.uasset" "D:/Unreal Projects/PSJ_FINAL/Content/FirstPersonBP/Animations/FirstPerson_JumpLoop.uasset" "D:/Unreal Projects/PSJ_FINAL/Content/FirstPersonBP/Animations/FirstPerson_JumpStart.uasset" "D:/Unreal Projects/PSJ_FINAL/Content/FirstPersonBP/Animations/FirstPerson_Run.uasset"'
[2015.05.19-18.49.07:407][687]LogSourceControl: RunCommandInternalRaw: ExecProcess ReturnCode=0 OutResults=''
[2015.05.19-18.49.21:045][446]LogEditorTransaction: Undo Rotate Bone
[2015.05.19-18.49.28:563][781]LogContentBrowser:Verbose: The majority of assets in the view are of type: AnimSequence
[2015.05.19-18.49.29:428][831]LogSourceControl: RunCommandInternalRaw: 'git status --porcelain --ignored "D:/Unreal Projects/PSJ_FINAL/Content/FirstPersonBP/Animations/FirstPerson_Fire.uasset" "D:/Unreal Projects/PSJ_FINAL/Content/FirstPersonBP/Animations/FirstPerson_Fire_Montage.uasset" "D:/Unreal Projects/PSJ_FINAL/Content/FirstPersonBP/Animations/FirstPerson_Idle.uasset" "D:/Unreal Projects/PSJ_FINAL/Content/FirstPersonBP/Animations/FirstPerson_JumpEnd.uasset" "D:/Unreal Projects/PSJ_FINAL/Content/FirstPersonBP/Animations/FirstPerson_JumpLoop.uasset" "D:/Unreal Projects/PSJ_FINAL/Content/FirstPersonBP/Animations/FirstPerson_JumpStart.uasset" "D:/Unreal Projects/PSJ_FINAL/Content/FirstPersonBP/Animations/FirstPerson_Run.uasset"'
[2015.05.19-18.49.29:442][832]LogSourceControl: RunCommandInternalRaw: ExecProcess ReturnCode=0 OutResults=''
[2015.05.19-18.49.40:059][261]LogContentBrowser:Verbose: The majority of assets in the view are of type: AnimSequence
[2015.05.19-18.49.42:724][351]LogContentBrowser:Verbose: The majority of assets in the view are of type: AnimSequence
[2015.05.19-18.49.43:587][401]LogSourceControl: RunCommandInternalRaw: 'git status --porcelain --ignored "D:/Unreal Projects/PSJ_FINAL/Content/FirstPersonBP/Animations/FirstPerson_Fire.uasset" "D:/Unreal Projects/PSJ_FINAL/Content/FirstPersonBP/Animations/FirstPerson_Fire_Montage.uasset" "D:/Unreal Projects/PSJ_FINAL/Content/FirstPersonBP/Animations/FirstPerson_Idle.uasset" "D:/Unreal Projects/PSJ_FINAL/Content/FirstPersonBP/Animations/FirstPerson_JumpEnd.uasset" "D:/Unreal Projects/PSJ_FINAL/Content/FirstPersonBP/Animations/FirstPerson_JumpLoop.uasset" "D:/Unreal Projects/PSJ_FINAL/Content/FirstPersonBP/Animations/FirstPerson_JumpStart.uasset" "D:/Unreal Projects/PSJ_FINAL/Content/FirstPersonBP/Animations/FirstPerson_Run.uasset"'
[2015.05.19-18.49.43:615][401]LogSourceControl: RunCommandInternalRaw: ExecProcess ReturnCode=0 OutResults=''
[2015.05.19-18.50.11:645][469]LogContentBrowser:Verbose: The majority of assets in the view are of type: AnimSequence
[2015.05.19-18.50.12:539][514]LogSourceControl: RunCommandInternalRaw: 'git status --porcelain --ignored "D:/Unreal Projects/PSJ_FINAL/Content/FirstPersonBP/Animations/FirstPerson_Fire.uasset" "D:/Unreal Projects/PSJ_FINAL/Content/FirstPersonBP/Animations/FirstPerson_Fire_Montage.uasset" "D:/Unreal Projects/PSJ_FINAL/Content/FirstPersonBP/Animations/FirstPerson_Idle.uasset" "D:/Unreal Projects/PSJ_FINAL/Content/FirstPersonBP/Animations/FirstPerson_JumpEnd.uasset" "D:/Unreal Projects/PSJ_FINAL/Content/FirstPersonBP/Animations/FirstPerson_JumpLoop.uasset" "D:/Unreal Projects/PSJ_FINAL/Content/FirstPersonBP/Animations/FirstPerson_JumpStart.uasset" "D:/Unreal Projects/PSJ_FINAL/Content/FirstPersonBP/Animations/FirstPerson_Run.uasset"'
[2015.05.19-18.50.12:549][514]LogSourceControl: RunCommandInternalRaw: ExecProcess ReturnCode=0 OutResults=''
[2015.05.19-18.50.16:962][712]LogContentBrowser:Verbose: The majority of assets in the view are of type: AnimSequence
[2015.05.19-18.52.01:600][214]LogD3D11RHI: Timed out while waiting for GPU to catch up. (0.5 s)
[2015.05.19-18.52.02:097][215]LogWindows:Error: Windows GetLastError: The operation completed successfully. (0)
[2015.05.19-18.52.02:302][215]LogCrashTracker: 


