Log file open, 05/19/15 23:28:07
LogInit:Display: Running engine for game: PSJ_FINAL
LogInit: Version: 4.7.6-2513093+++depot+UE4-Releases+4.7
LogInit: API Version: 2455222
LogInit: Compiled (64-bit): Apr 15 2015 12:09:54
LogInit: Compiled with Visual C++: 18.00.21005.01
LogInit: Build Configuration: Development
LogInit: Branch Name: ++depot+UE4-Releases+4.7
LogInit: Command line:  
LogInit: Base directory: D:/Program Files/Epic Games/4.7/Engine/Binaries/Win64/
LogInit: Rocket: 1
[2015.05.19-22.28.07:036][  0]LogTaskGraph: Started task graph with 3 named threads and 6 total threads.
[2015.05.19-22.28.07:087][  0]LogOnline:Warning: No default platform service specified for OnlineSubsystem
[2015.05.19-22.28.07:185][  0]LogInit: Presizing for 0 objects not considered by GC, pre-allocating 0 bytes.
[2015.05.19-22.28.07:362][  0]LogInit: Object subsystem initialized
[2015.05.19-22.28.07:523][  0]LogConsoleResponse:Warning: Skipping Unknown console variable: 'TranslucentSortAxis = (X=0.000000,Y=-1.000000,Z=0.000000)'
[2015.05.19-22.28.07:523][  0]LogConsoleResponse:Warning:   Found in ini file 'D:/Unreal Projects/PSJ_FINAL/Saved/Config/Windows/Engine.ini', in section '[/Script/Engine.RendererSettings]'
[2015.05.19-22.28.07:523][  0]LogConsoleResponse:Warning: Skipping Unknown console variable: 'UIScaleRule = ShortestSide'
[2015.05.19-22.28.07:523][  0]LogConsoleResponse:Warning:   Found in ini file 'D:/Unreal Projects/PSJ_FINAL/Saved/Config/Windows/Engine.ini', in section '[/Script/Engine.RendererSettings]'
[2015.05.19-22.28.07:523][  0]LogConsoleResponse:Warning: Skipping Unknown console variable: 'UIScaleCurve = (EditorCurveData=(Keys=),ExternalCurve=None)'
[2015.05.19-22.28.07:523][  0]LogConsoleResponse:Warning:   Found in ini file 'D:/Unreal Projects/PSJ_FINAL/Saved/Config/Windows/Engine.ini', in section '[/Script/Engine.RendererSettings]'
[2015.05.19-22.28.07:565][  0]LogInit: Selected Device Profile: [Windows]
[2015.05.19-22.28.07:569][  0]LogInit: Applying CVar settings loaded from the selected device profile: [Windows]
[2015.05.19-22.28.07:673][  0]LogInit: Computer: BADIM-ALIEN
[2015.05.19-22.28.07:673][  0]LogInit: User: Carlos
[2015.05.19-22.28.07:673][  0]LogInit: CPU Page size=4096, Cores=4
[2015.05.19-22.28.07:673][  0]LogInit: High frequency timer resolution =2.338344 MHz
[2015.05.19-22.28.07:673][  0]LogMemory: Memory total: Physical=7.9GB (8GB approx) Virtual=131072.0GB
[2015.05.19-22.28.07:673][  0]LogMemory: Platform Memory Stats for Windows
[2015.05.19-22.28.07:673][  0]LogMemory: Process Physical Memory: 46.13 MB used, 46.13 MB peak
[2015.05.19-22.28.07:673][  0]LogMemory: Process Virtual Memory: 26.68 MB used, 26.68 MB peak
[2015.05.19-22.28.07:673][  0]LogMemory: Physical Memory: 3342.74 MB used, 8073.02 MB total
[2015.05.19-22.28.07:673][  0]LogMemory: Virtual Memory: 289.13 MB used, 134217728.00 MB total
[2015.05.19-22.28.07:742][  0]LogD3D11RHI: Found D3D11 adapter 0: Intel(R) HD Graphics 4600 (Feature Level 11_0)
[2015.05.19-22.28.07:742][  0]LogD3D11RHI: Adapter has 0MB of dedicated video memory, 0MB of dedicated system memory, and 1792MB of shared system memory, 1 output[s]
[2015.05.19-22.28.07:758][  0]LogD3D11RHI: Found D3D11 adapter 1: NVIDIA GeForce GTX 765M  (Feature Level 11_0)
[2015.05.19-22.28.07:758][  0]LogD3D11RHI: Adapter has 1986MB of dedicated video memory, 0MB of dedicated system memory, and 2048MB of shared system memory, 0 output[s]
[2015.05.19-22.28.07:759][  0]LogD3D11RHI: Found D3D11 adapter 2: Microsoft Basic Render Driver (Feature Level 11_0)
[2015.05.19-22.28.07:759][  0]LogD3D11RHI: Adapter has 0MB of dedicated video memory, 0MB of dedicated system memory, and 256MB of shared system memory, 0 output[s]
[2015.05.19-22.28.07:759][  0]LogD3D11RHI: Chosen D3D11 Adapter Id = 0
[2015.05.19-22.28.07:766][  0]LogRHI: Texture pool is 1361 MB (70% of 1945 MB)
[2015.05.19-22.28.07:782][  0]LogD3D11RHI: Async texture creation enabled
[2015.05.19-22.28.09:100][  0]LogTextLocalizationManager: The requested culture ('pt_PT') has no localization data; falling back to 'en' for localization and internationalization data.
[2015.05.19-22.28.09:263][  0]LogTextLocalizationManager:Warning: Loading localization resources contain conflicting entries for (Namespace:UICommands, Key:Save_ToolTip):
Resource: (D:/Program Files/Epic Games/4.7/Engine/Content/Localization/Editor/en/Editor.locres) Hash: (-29098895) String: (Saves the current level to disk)
Resource: (D:/Program Files/Epic Games/4.7/Engine/Content/Localization/Engine/en/Engine.locres) Hash: (-1280300587) String: (Save selected data to vlog file)
[2015.05.19-22.28.09:263][  0]LogTextLocalizationManager:Warning: Loading localization resources contain conflicting entries for (Namespace:ContentBrowser, Key:ImportAssetToolTip):
Resource: (D:/Program Files/Epic Games/4.7/Engine/Content/Localization/Editor/en/Editor.locres) Hash: (-630476809) String: (Import to {0}...)
Resource: (D:/Program Files/Epic Games/4.7/Engine/Content/Localization/Editor/en/Editor.locres) Hash: (1271782899) String: (Imports an asset from file to this folder.)
[2015.05.19-22.28.09:363][  0]LogContentStreaming: Texture pool size is 0.000000MB
[2015.05.19-22.28.14:270][  0]LogTargetPlatformManager:Display: Building Assets For Windows
[2015.05.19-22.28.15:296][  0]LogTargetPlatformManager:Display: Building Assets For Windows
[2015.05.19-22.28.15:534][  0]LogDerivedDataCache:Display: Max Cache Size: 512 MB
[2015.05.19-22.28.15:653][  0]LogDerivedDataCache: Loaded boot cache 0.12s 39MB C:/Users/Carlos/AppData/Local/UnrealEngine/4.7/DerivedDataCache/Boot.ddc.
[2015.05.19-22.28.15:653][  0]LogDerivedDataCache:Display: Loaded Boot cache: C:/Users/Carlos/AppData/Local/UnrealEngine/4.7/DerivedDataCache/Boot.ddc
[2015.05.19-22.28.15:653][  0]LogDerivedDataCache: FDerivedDataBackendGraph:  Pak pak cache file ../../../../../../Unreal Projects/PSJ_FINAL/DerivedDataCache/DDC.ddp not found, will not use a pak cache.
[2015.05.19-22.28.15:653][  0]LogDerivedDataCache: Unable to find inner node Pak for hierarchical cache Hierarchy.
[2015.05.19-22.28.15:831][  0]LogDerivedDataCache:Display: Pak cache opened for reading ../../../Engine/DerivedDataCache/Compressed.ddp.
[2015.05.19-22.28.15:844][  0]LogDerivedDataCache: Using Local data cache path C:/Users/Carlos/AppData/Local/UnrealEngine/Common/DerivedDataCache: Writable
[2015.05.19-22.28.23:031][  0]LogMeshUtilities: No automatic mesh reduction module available
[2015.05.19-22.28.23:031][  0]LogMeshUtilities: No automatic mesh merging module available
[2015.05.19-22.28.25:450][  0]LogInit: WinSock: version 1.1 (2.2), MaxSocks=32767, MaxUdp=65467
[2015.05.19-22.28.25:776][  0]LogSlate:Warning: Failed to load font data from '../../../Engine/Content/Slate/Fonts/Roboto-Italic.ttf'
[2015.05.19-22.28.33:701][  0]UdpMessaging: Initializing bridge on interface 0.0.0.0:0 to multicast group 230.0.0.1:6666.
[2015.05.19-22.28.34:497][  0]SourceControl: Info Source control is disabled
[2015.05.19-22.28.34:508][  0]SourceControl: Info Source control is disabled
[2015.05.19-22.28.34:508][  0]SourceControl: Info Source control is disabled
[2015.05.19-22.28.34:515][  0]LogSourceControl: RunCommandInternalRaw: 'git version'
[2015.05.19-22.28.34:562][  0]LogSourceControl: RunCommandInternalRaw: ExecProcess ReturnCode=0 OutResults='git version 1.9.5.github.0
'
[2015.05.19-22.28.35:273][  0]LogObj: 24232 objects as part of root set at end of initial load.
[2015.05.19-22.28.35:273][  0]LogUObjectAllocator: 5137176 out of 0 bytes used by permanent object pool.
[2015.05.19-22.28.35:819][  0]LogEngine: Initializing Engine...
[2015.05.19-22.28.38:264][  0]LogInit: XAudio2 using 'Speakers / Headphones (Realtek High Definition Audio)' : 2 channels at 48 kHz using 32 bits per sample (channel mask 0x3)
[2015.05.19-22.28.38:320][  0]LogInit: FAudioDevice initialized.
[2015.05.19-22.28.38:690][  0]LogAIModule: Creating AISystem for world NewWorld
[2015.05.19-22.28.38:766][  0]LogDerivedDataCache: Saved boot cache 0.02s 39MB C:/Users/Carlos/AppData/Local/UnrealEngine/4.7/DerivedDataCache/Boot.ddc.
[2015.05.19-22.28.38:770][  0]LogInit: Texture streaming: Enabled
[2015.05.19-22.28.39:160][  0]LogAnalytics: Creating configured Analytics provider AnalyticsET
[2015.05.19-22.28.39:160][  0]LogAnalytics: ET APIKey = Rocket.Release. APIServer = http://et2.epicgames.com/ET2/. AppVersion = 4.7.6-2513093+++depot+UE4-Releases+4.7
[2015.05.19-22.28.39:160][  0]LogAnalytics: ET APIKey = Rocket.Release. DataRouterUploadURL = https://datarouter-public-service-gamedev.ol.epicgames.net/datarouter/api/v1/public/data. AppVersion = 4.7.6-2513093+++depot+UE4-Releases+4.7
[2015.05.19-22.28.39:161][  0]LogAnalytics: SetUserId c6dafa5f4c8d91dc08e0f69686e34649|b8e039ebb1904c9aa23b736c0702fcb5|9f8a7cb1-0bce-48a6-a6b8-4330302a240d
[2015.05.19-22.28.39:196][  0]LogAnalytics: AnalyticsET::StartSession [Rocket.Release]
[2015.05.19-22.28.39:335][  0]LogInit: Transaction tracking system initialized
[2015.05.19-22.28.40:262][  0]BlueprintLog: New page: Editor Load
[2015.05.19-22.28.40:364][  0]LogAssetRegistry: FAssetRegistry took 0.0150 seconds to start up
[2015.05.19-22.28.40:364][  0]LogDirectoryWatcher:Warning: Failed to begin reading directory changes for ../../../Engine/Plugins/Experimental/CharacterAI/Content/. Error: 0
[2015.05.19-22.28.42:189][  0]LogTargetPlatformManager:Display: Building Assets For Windows
[2015.05.19-22.28.42:569][  0]LogTargetPlatformManager:Display: Building Assets For Windows
[2015.05.19-22.28.43:420][  0]LogSlate:Warning: Failed to load font data from '../../../Engine/Content/Editor/Slate/Fonts/Roboto-Regular.ttf'
[2015.05.19-22.28.43:421][  0]LogSlate:Warning: Failed to load font data from '../../../Engine/Content/Editor/Slate/Fonts/Roboto-Bold.ttf'
[2015.05.19-22.28.43:495][  0]LogConsoleResponse:Display: 
[2015.05.19-22.28.44:426][  0]LogCook:Display: Done creating registry. It took  0.00s.
[2015.05.19-22.28.45:093][  0]LogSourceControl: RunCommandInternalRaw: 'git version'
[2015.05.19-22.28.45:100][  0]LogSourceControl: RunCommandInternalRaw: ExecProcess ReturnCode=0 OutResults='git version 1.9.5.github.0
'
[2015.05.19-22.30.13:269][  0]LogSourceControl: RunCommandInternalRaw: 'git status --porcelain --ignored "D:/Unreal Projects/PSJ_FINAL/Content/FirstPersonBP/Maps/FirstPersonExampleMap.umap"'
[2015.05.19-22.30.13:473][  0]LogSourceControl: RunCommandInternalRaw: ExecProcess ReturnCode=0 OutResults=''
[2015.05.19-22.30.14:017][  0]Cmd: MAP LOAD FILE="../../../../../../Unreal Projects/PSJ_FINAL/Content/FirstPersonBP/Maps/FirstPersonExampleMap.umap" TEMPLATE=0 SHOWPROGRESS=1 FEATURELEVEL=3
[2015.05.19-22.30.14:018][  0]LightingResults: New page: Lighting Build
[2015.05.19-22.30.14:094][  0]MapCheck: New page: Map Check
[2015.05.19-22.30.14:094][  0]LightingResults: New page: Lighting Build
[2015.05.19-22.30.14:212][  0]LogParticles: Destroying 0 GPU particle simulations for FXSystem 0x0000007311024680
[2015.05.19-22.30.14:366][  0]LogLinker:Warning: Asset '../../../Engine/Content/EngineMeshes/Humanoid.uasset' has been saved with empty engine version. The asset will be loaded but may be incompatible.
[2015.05.19-22.30.17:165][  0]LogEditorServer: Finished looking for orphan Actors (0.000 secs)
[2015.05.19-22.30.18:138][  0]LogAIModule: Creating AISystem for world FirstPersonExampleMap
[2015.05.19-22.30.18:138][  0]Cmd: MAP CHECKDEP
[2015.05.19-22.30.18:149][  0]MapCheck: New page: FirstPersonExampleMap - May 20, 2015, 12:30:18 AM
[2015.05.19-22.30.18:215][  0]MapCheck: Info Map check complete: 0 Error(s), 0 Warning(s), took 76.644ms to complete.
[2015.05.19-22.30.18:215][  0]LogFileHelpers: Loading map 'FirstPersonExampleMap' took 4.222
[2015.05.19-22.30.19:547][  0]LogStats:Warning: MetaData mismatch. Did you assign a stat to two groups? New //STATGROUP_Threads//SplashScreenThread///Thread_1958_0///////STATCAT_Advanced//// old //STATGROUP_Threads//SplashScreenThread///Thread_348_0///////STATCAT_Advanced////
[2015.05.19-22.30.19:547][  0]LogSourceControl: RunCommandInternalRaw: 'git status'
[2015.05.19-22.30.19:547][  0]LogSourceControl: RunCommandInternalRaw: ExecProcess ReturnCode=0 OutResults='On branch master
Your branch is up-to-date with 'origin/master'.

Changes not staged for commit:
  (use "git add <file>..." to update what will be committed)
  (use "git checkout -- <file>..." to discard changes in working directory)

	modified:   Content/FirstPersonBP/Maps/FirstPersonExampleMap.umap
	modified:   Intermediate/CachedAssetRegistry.bin
	modified:   Saved/Autosaves/PackageRestoreData.json
	modified:   Saved/Config/Windows/EditorLayout.ini
	modified:   Saved/Config/Windows/EditorUserSettings.ini
	modified:   Saved/Logs/PSJ_FINAL.log

Untracked files:
  (use "git add <file>..." to include in what will be committed)

	Saved/Autosaves/Game/
	Saved/Backup/FirstPersonExampleMap_2015-05-19-20-37-06.umap
	Saved/Logs/PSJ_FINAL-backup-2015.05.19-20.22.20.log
	Saved/Logs/PSJ_FINAL-backup-2015.05.19-23.28.06.log

no changes added to commit (use "git add" and/or "git commit -a")
'
[2015.05.19-22.30.19:547][  0]LogSourceControl: RunCommandInternalRaw: 'git symbolic-ref --short HEAD'
[2015.05.19-22.30.19:547][  0]LogSourceControl: RunCommandInternalRaw: ExecProcess ReturnCode=0 OutResults='master
'
[2015.05.19-22.30.19:547][  0]LogCollectionManager: Loaded 0 collections in 0.001055 seconds
[2015.05.19-22.30.19:578][  0]LogContentBrowser: Native class hierarchy populated in 0.0213 seconds. Added 1696 classes and 261 folders.
[2015.05.19-22.30.19:789][  0]LogContentBrowser: Native class hierarchy updated for 'SceneOutliner' in 0.0014 seconds. Added 1 classes and 2 folders.
[2015.05.19-22.30.20:249][  0]LogCrashTracker: Crashtracker disabled due to settings.
[2015.05.19-22.30.20:313][  0]LogSlate:Warning: Failed to load font data from 'Veranda'
[2015.05.19-22.30.20:345][  0]LogUObjectGlobals:Warning: Failed to find object 'Class None.'
[2015.05.19-22.30.20:428][  0]LogLoad: Full Startup: 140.65 seconds (BP compile: 0.94 seconds)
[2015.05.19-22.30.20:520][  0]LogContentBrowser:Verbose: The content browser source was changed by the sources view to '/Game/FirstPersonBP/Character'
[2015.05.19-22.30.20:702][  0]SourceControl: Info master
[2015.05.19-22.30.20:976][  0]LogRenderer:Warning: Reallocating scene render targets to support 1208x576 (Frame:2).
[2015.05.19-22.30.21:581][  4]LogAssetRegistry: Asset discovery search completed in 101.2324 seconds
[2015.05.19-22.30.22:131][ 37]LogSourceControl: RunCommandInternalRaw: 'git status --porcelain --ignored "D:/Unreal Projects/PSJ_FINAL/Content/FirstPersonBP/Character/FirstPerson_AnimBlueprint.uasset" "D:/Unreal Projects/PSJ_FINAL/Content/FirstPersonBP/Character/FirstPerson_Skeleton.uasset" "D:/Unreal Projects/PSJ_FINAL/Content/FirstPersonBP/Character/FirstPerson_SkelMesh.uasset" "D:/Unreal Projects/PSJ_FINAL/Content/FirstPersonBP/Character/flare.uasset" "D:/Unreal Projects/PSJ_FINAL/Content/FirstPersonBP/Character/flareWave.uasset"'
[2015.05.19-22.30.22:146][ 38]LogSourceControl: RunCommandInternalRaw: ExecProcess ReturnCode=0 OutResults=''
[2015.05.19-22.30.40:080][899]LogPlayLevel: PIE:  No blueprints needed recompiling
[2015.05.19-22.30.40:131][899]PIE: New page: PIE session: FirstPersonExampleMap (May 20, 2015, 12:30:40 AM)
[2015.05.19-22.30.40:153][899]LogPlayLevel: PIE: StaticDuplicateObject took: (0.021427s)
[2015.05.19-22.30.40:154][899]LogPlayLevel: PIE: World Init took: (0.001323s)
[2015.05.19-22.30.40:154][899]LogPlayLevel: PIE: Created PIE world by copying editor world from /Game/FirstPersonBP/Maps/FirstPersonExampleMap.FirstPersonExampleMap to /Game/FirstPersonBP/Maps/UEDPIE_0_FirstPersonExampleMap.FirstPersonExampleMap (0.022975s)
[2015.05.19-22.30.40:369][899]LogWorld: Game class is 'FirstPersonGameMode_C'
[2015.05.19-22.30.40:459][899]LogAIModule: Creating AISystem for world FirstPersonExampleMap
[2015.05.19-22.30.40:466][899]LogWorld: Bringing World /Game/FirstPersonBP/Maps/UEDPIE_0_FirstPersonExampleMap.FirstPersonExampleMap up for play (max tick rate 60) at 2015.05.19-23.30.40
[2015.05.19-22.30.40:510][899]LogWorld: Bringing up level for play took: 0.049577
[2015.05.19-22.30.40:544][899]PIE: Info Play in editor start time for /Game/FirstPersonBP/Maps/UEDPIE_0_FirstPersonExampleMap 0.478
[2015.05.19-22.30.44:653][127]LogActorComponent: UnregisterComponent: (/Engine/Transient.ProjectileMovementComponent_0) Not registered. Aborting.
[2015.05.19-22.30.44:710][127]LogParticles: Destroying 0 GPU particle simulations for FXSystem 0x00000073629B7420
[2015.05.19-22.30.46:052][193]LogPlayLevel: PIE:  No blueprints needed recompiling
[2015.05.19-22.30.46:052][193]PIE: New page: PIE session: FirstPersonExampleMap (May 20, 2015, 12:30:46 AM)
[2015.05.19-22.30.46:073][193]LogPlayLevel: PIE: StaticDuplicateObject took: (0.020611s)
[2015.05.19-22.30.46:074][193]LogPlayLevel: PIE: World Init took: (0.000710s)
[2015.05.19-22.30.46:074][193]LogPlayLevel: PIE: Created PIE world by copying editor world from /Game/FirstPersonBP/Maps/FirstPersonExampleMap.FirstPersonExampleMap to /Game/FirstPersonBP/Maps/UEDPIE_0_FirstPersonExampleMap.FirstPersonExampleMap (0.021531s)
[2015.05.19-22.30.46:126][193]LogWorld: Game class is 'FirstPersonGameMode_C'
[2015.05.19-22.30.46:128][193]LogAIModule: Creating AISystem for world FirstPersonExampleMap
[2015.05.19-22.30.46:134][193]LogWorld: Bringing World /Game/FirstPersonBP/Maps/UEDPIE_0_FirstPersonExampleMap.FirstPersonExampleMap up for play (max tick rate 60) at 2015.05.19-23.30.46
[2015.05.19-22.30.46:134][193]LogWorld: Bringing up level for play took: 0.006152
[2015.05.19-22.30.46:136][193]PIE: Info Play in editor start time for /Game/FirstPersonBP/Maps/UEDPIE_0_FirstPersonExampleMap 0.07
[2015.05.19-22.30.49:919][416]LogParticles: Destroying 0 GPU particle simulations for FXSystem 0x0000007371002660
[2015.05.19-22.30.50:461][448]LogEditorViewport: Clicking on Actor (LMB): StaticMeshActor (Floor2)
[2015.05.19-22.30.52:800][563]LogPlayLevel: PIE:  No blueprints needed recompiling
[2015.05.19-22.30.52:800][563]PIE: New page: PIE session: FirstPersonExampleMap (May 20, 2015, 12:30:52 AM)
[2015.05.19-22.30.52:825][563]LogPlayLevel: PIE: StaticDuplicateObject took: (0.024882s)
[2015.05.19-22.30.52:826][563]LogPlayLevel: PIE: World Init took: (0.000859s)
[2015.05.19-22.30.52:826][563]LogPlayLevel: PIE: Created PIE world by copying editor world from /Game/FirstPersonBP/Maps/FirstPersonExampleMap.FirstPersonExampleMap to /Game/FirstPersonBP/Maps/UEDPIE_0_FirstPersonExampleMap.FirstPersonExampleMap (0.025977s)
[2015.05.19-22.30.52:868][563]LogWorld: Game class is 'FirstPersonGameMode_C'
[2015.05.19-22.30.52:870][563]LogAIModule: Creating AISystem for world FirstPersonExampleMap
[2015.05.19-22.30.52:875][563]LogWorld: Bringing World /Game/FirstPersonBP/Maps/UEDPIE_0_FirstPersonExampleMap.FirstPersonExampleMap up for play (max tick rate 60) at 2015.05.19-23.30.52
[2015.05.19-22.30.52:876][563]LogWorld: Bringing up level for play took: 0.006146
[2015.05.19-22.30.52:877][563]PIE: Info Play in editor start time for /Game/FirstPersonBP/Maps/UEDPIE_0_FirstPersonExampleMap 0.812
[2015.05.19-22.31.43:211][552]LogCharacterMovement: FirstPersonCharacter_18 is stuck and failed to move!
[2015.05.19-22.32.00:293][569]LogParticles: Destroying 0 GPU particle simulations for FXSystem 0x0000007310F6E340
[2015.05.19-22.32.01:688][651]LogPlayLevel: PIE:  No blueprints needed recompiling
[2015.05.19-22.32.01:688][651]PIE: New page: PIE session: FirstPersonExampleMap (May 20, 2015, 12:32:01 AM)
[2015.05.19-22.32.01:707][651]LogPlayLevel: PIE: StaticDuplicateObject took: (0.018327s)
[2015.05.19-22.32.01:709][651]LogPlayLevel: PIE: World Init took: (0.001488s)
[2015.05.19-22.32.01:709][651]LogPlayLevel: PIE: Created PIE world by copying editor world from /Game/FirstPersonBP/Maps/FirstPersonExampleMap.FirstPersonExampleMap to /Game/FirstPersonBP/Maps/UEDPIE_0_FirstPersonExampleMap.FirstPersonExampleMap (0.020023s)
[2015.05.19-22.32.01:771][651]LogWorld: Game class is 'FirstPersonGameMode_C'
[2015.05.19-22.32.01:773][651]LogAIModule: Creating AISystem for world FirstPersonExampleMap
[2015.05.19-22.32.01:779][651]LogWorld: Bringing World /Game/FirstPersonBP/Maps/UEDPIE_0_FirstPersonExampleMap.FirstPersonExampleMap up for play (max tick rate 60) at 2015.05.19-23.32.01
[2015.05.19-22.32.01:780][651]LogWorld: Bringing up level for play took: 0.006504
[2015.05.19-22.32.01:781][651]PIE: Info Play in editor start time for /Game/FirstPersonBP/Maps/UEDPIE_0_FirstPersonExampleMap -0.285
[2015.05.19-22.32.02:023][665]LogD3D11RHI:Warning: Temp texture streaming buffer not large enough, needed 8388608 bytes
[2015.05.19-22.32.02:915][714]LogParticles: Destroying 0 GPU particle simulations for FXSystem 0x000000732CB3F4C0
[2015.05.19-22.41.38:113][266]LogActorComponent: UnregisterComponent: (/Engine/Transient.ProjectileMovementComponent_0) Not registered. Aborting.
[2015.05.19-22.41.40:574][266]LogSavePackage: Save=1999.417114ms
[2015.05.19-22.41.40:574][266]LogSavePackage: Moving '../../../../../../Unreal Projects/PSJ_FINAL/Saved/FirstPersonExampleMap_Auto148F7D4BF4396B09B923C9591834AC0A8.tmp' to '../../../../../../Unreal Projects/PSJ_FINAL/Saved/Autosaves/Game/FirstPersonBP/Maps/FirstPersonExampleMap_Auto1.umap'
[2015.05.19-22.41.40:586][266]LogFileHelpers: Editor autosave (incl. sublevels) for '/Game/FirstPersonBP/Maps/FirstPersonExampleMap' took 2.474
[2015.05.19-22.41.40:586][266]LogFileHelpers: Editor autosave (incl. sublevels) for all levels took 2.474
[2015.05.19-22.54.36:335][794]LogContentBrowser:Verbose: The content browser source was changed by the sources view to '/Game/FirstPersonBP'
[2015.05.19-22.54.37:591][848]LogSourceControl: RunCommandInternalRaw: 'git status --porcelain --ignored "D:/Unreal Projects/PSJ_FINAL/Content/FirstPersonBP/FirstPersonOverview.uasset" "D:/Unreal Projects/PSJ_FINAL/Content/FirstPersonBP/LaserMesh.uasset"'
[2015.05.19-22.54.37:658][852]LogSourceControl: RunCommandInternalRaw: ExecProcess ReturnCode=0 OutResults=''
[2015.05.19-22.54.39:048][935]LogContentBrowser:Verbose: The content browser source was changed by the sources view to '/Game/FirstPersonBP/Blueprints'
[2015.05.19-22.54.40:063][984]LogSourceControl: RunCommandInternalRaw: 'git status --porcelain --ignored "D:/Unreal Projects/PSJ_FINAL/Content/FirstPersonBP/Blueprints/FirstPersonCharacter.uasset" "D:/Unreal Projects/PSJ_FINAL/Content/FirstPersonBP/Blueprints/FirstPersonGameMode.uasset" "D:/Unreal Projects/PSJ_FINAL/Content/FirstPersonBP/Blueprints/FirstPersonHUD.uasset" "D:/Unreal Projects/PSJ_FINAL/Content/FirstPersonBP/Blueprints/FirstPersonProjectile.uasset"'
[2015.05.19-22.54.40:069][984]LogSourceControl: RunCommandInternalRaw: ExecProcess ReturnCode=0 OutResults=''
[2015.05.19-22.55.27:318][  1]LogSourceControl: RunCommandInternalRaw: 'git status --porcelain --ignored "D:/Unreal Projects/PSJ_FINAL/Content/FirstPersonBP/Maps/FirstPersonExampleMap.umap"'
[2015.05.19-22.55.27:331][  1]LogSourceControl: RunCommandInternalRaw: ExecProcess ReturnCode=0 OutResults=' M Content/FirstPersonBP/Maps/FirstPersonExampleMap.umap
'
[2015.05.19-22.55.27:500][  1]LogActorComponent: UnregisterComponent: (/Engine/Transient.ProjectileMovementComponent_0) Not registered. Aborting.
[2015.05.19-22.55.27:500][  1]LogActorComponent: UnregisterComponent: (/Engine/Transient.ProjectileMovementComponent_40__A6522401) Not registered. Aborting.
[2015.05.19-22.55.27:500][  1]LogActorComponent: UnregisterComponent: (/Engine/Transient.CharMoveComp) Not registered. Aborting.
[2015.05.19-22.55.29:560][  1]LogSavePackage: Save=2000.180420ms
[2015.05.19-22.55.29:561][  1]LogSavePackage: Moving '../../../../../../Unreal Projects/PSJ_FINAL/Saved/FirstPersonExampleMap3428F4834513B35AFF7B67B8A9474935.tmp' to '../../../../../../Unreal Projects/PSJ_FINAL/Content/FirstPersonBP/Maps/FirstPersonExampleMap.umap'
[2015.05.19-22.55.29:587][  1]LogFileHelpers: Saving map 'FirstPersonExampleMap' took 2.168
[2015.05.19-22.55.29:605][  2]LogSourceControl: RunCommandInternalRaw: 'git status --porcelain --ignored "D:/Unreal Projects/PSJ_FINAL/Content/FirstPersonBP/Maps/FirstPersonExampleMap.umap"'
[2015.05.19-22.55.29:612][  2]LogSourceControl: RunCommandInternalRaw: ExecProcess ReturnCode=0 OutResults=' M Content/FirstPersonBP/Maps/FirstPersonExampleMap.umap
'
[2015.05.19-22.55.47:987][ 58]LogRenderer:Warning: Reallocating scene render targets to support 1208x904 (Frame:8062).
[2015.05.19-22.57.42:054][418]Cmd: QUIT_EDITOR
[2015.05.19-22.57.42:347][418]LogExit: Preparing to exit.
[2015.05.19-22.57.42:829][418]LogExit: Editor shut down
[2015.05.19-22.57.42:829][418]LogExit: Transaction tracking system shut down
[2015.05.19-22.57.42:831][418]LogParticles: Destroying 0 GPU particle simulations for FXSystem 0x000000732D556700
[2015.05.19-22.57.42:832][418]LogParticles: Destroying 0 GPU particle simulations for FXSystem 0x00000073254B0D60
[2015.05.19-22.57.42:832][418]LogParticles: Destroying 0 GPU particle simulations for FXSystem 0x00000073629B6E80
[2015.05.19-22.57.42:832][418]LogParticles: Destroying 0 GPU particle simulations for FXSystem 0x00000073629296C0
[2015.05.19-22.57.42:832][418]LogParticles: Destroying 0 GPU particle simulations for FXSystem 0x00000073629299E0
[2015.05.19-22.57.43:265][418]LogParticles: Destroying 0 GPU particle simulations for FXSystem 0x0000007322533240
[2015.05.19-22.57.43:265][418]LogParticles: Destroying 0 GPU particle simulations for FXSystem 0x0000007377F04D60
[2015.05.19-22.57.43:265][418]LogParticles: Destroying 0 GPU particle simulations for FXSystem 0x0000007377F074C0
[2015.05.19-22.57.43:265][418]LogExit: Object subsystem successfully closed.
[2015.05.19-22.57.43:378][418]LogModuleManager: Shutting down and abandoning module CrashTracker (177)
[2015.05.19-22.57.43:378][418]LogModuleManager: Shutting down and abandoning module SuperSearch (176)
[2015.05.19-22.57.43:378][418]LogModuleManager: Shutting down and abandoning module SceneOutliner (175)
[2015.05.19-22.57.43:378][418]LogModuleManager: Shutting down and abandoning module EditorWidgets (174)
[2015.05.19-22.57.43:378][418]LogModuleManager: Shutting down and abandoning module CollectionManager (173)
[2015.05.19-22.57.43:391][418]LogModuleManager: Shutting down and abandoning module StatsViewer (172)
[2015.05.19-22.57.43:391][418]LogModuleManager: Shutting down and abandoning module FoliageEdit (171)
[2015.05.19-22.57.43:391][418]LogModuleManager: Shutting down and abandoning module LandscapeEditor (170)
[2015.05.19-22.57.43:407][418]LogModuleManager: Shutting down and abandoning module MeshPaint (169)
[2015.05.19-22.57.43:407][418]LogModuleManager: Shutting down and abandoning module ActorPickerMode (168)
[2015.05.19-22.57.43:407][418]LogModuleManager: Shutting down and abandoning module GeometryMode (167)
[2015.05.19-22.57.43:407][418]LogModuleManager: Shutting down and abandoning module TextureAlignMode (166)
[2015.05.19-22.57.43:407][418]LogModuleManager: Shutting down and abandoning module BspMode (165)
[2015.05.19-22.57.43:407][418]LogModuleManager: Shutting down and abandoning module PlacementMode (164)
[2015.05.19-22.57.43:407][418]LogModuleManager: Shutting down and abandoning module AutomationWorker (163)
[2015.05.19-22.57.43:407][418]LogModuleManager: Shutting down and abandoning module CharacterAI (162)
[2015.05.19-22.57.43:407][418]LogModuleManager: Shutting down and abandoning module SmartSnapping (161)
[2015.05.19-22.57.43:407][418]LogModuleManager: Shutting down and abandoning module ViewportSnapping (160)
[2015.05.19-22.57.43:407][418]LogModuleManager: Shutting down and abandoning module LogVisualizer (159)
[2015.05.19-22.57.43:423][418]LogModuleManager: Shutting down and abandoning module GameProjectGeneration (158)
[2015.05.19-22.57.43:432][418]LogModuleManager: Shutting down and abandoning module IntroTutorials (157)
[2015.05.19-22.57.43:437][418]LogModuleManager: Shutting down and abandoning module EditorLiveStreaming (156)
[2015.05.19-22.57.43:437][418]LogModuleManager: Shutting down and abandoning module HardwareTargeting (155)
[2015.05.19-22.57.43:437][418]LogModuleManager: Shutting down and abandoning module DeviceProfileEditor (154)
[2015.05.19-22.57.43:437][418]LogModuleManager: Shutting down and abandoning module UndoHistory (153)
[2015.05.19-22.57.43:437][418]LogModuleManager: Shutting down and abandoning module GameplayTagsEditor (152)
[2015.05.19-22.57.43:437][418]LogModuleManager: Shutting down and abandoning module UserFeedback (151)
[2015.05.19-22.57.43:437][418]LogModuleManager: Shutting down and abandoning module XmlParser (150)
[2015.05.19-22.57.43:437][418]LogModuleManager: Shutting down and abandoning module Blutility (149)
[2015.05.19-22.57.43:437][418]LogModuleManager: Shutting down and abandoning module IOSPlatformEditor (148)
[2015.05.19-22.57.43:437][418]LogModuleManager: Shutting down and abandoning module IOSRuntimeSettings (147)
[2015.05.19-22.57.43:437][418]LogModuleManager: Shutting down and abandoning module AndroidDeviceDetection (146)
[2015.05.19-22.57.43:594][418]LogModuleManager: Shutting down and abandoning module AndroidPlatformEditor (145)
[2015.05.19-22.57.43:594][418]LogModuleManager: Shutting down and abandoning module AndroidRuntimeSettings (144)
[2015.05.19-22.57.43:594][418]LogModuleManager: Shutting down and abandoning module ProjectTargetPlatformEditor (143)
[2015.05.19-22.57.43:594][418]LogModuleManager: Shutting down and abandoning module ProjectSettingsViewer (142)
[2015.05.19-22.57.43:594][418]LogModuleManager: Shutting down and abandoning module InputBindingEditor (141)
[2015.05.19-22.57.43:608][418]LogModuleManager: Shutting down and abandoning module EditorSettingsViewer (140)
[2015.05.19-22.57.43:608][418]LogModuleManager: Shutting down and abandoning module SettingsEditor (139)
[2015.05.19-22.57.43:626][418]LogModuleManager: Shutting down and abandoning module ProjectLauncher (138)
[2015.05.19-22.57.43:641][418]LogModuleManager: Shutting down and abandoning module SessionFrontend (137)
[2015.05.19-22.57.43:641][418]LogModuleManager: Shutting down and abandoning module ProfilerClient (136)
[2015.05.19-22.57.43:652][418]LogModuleManager: Shutting down and abandoning module TargetDeviceServices (135)
[2015.05.19-22.57.43:652][418]LogModuleManager: Shutting down and abandoning module DeviceManager (134)
[2015.05.19-22.57.43:652][418]LogModuleManager: Shutting down and abandoning module AutomationController (133)
[2015.05.19-22.57.43:652][418]LogModuleManager: Shutting down and abandoning module AutomationWindow (132)
[2015.05.19-22.57.43:662][418]LogModuleManager: Shutting down and abandoning module Layers (131)
[2015.05.19-22.57.43:689][418]LogModuleManager: Shutting down and abandoning module ComponentVisualizers (130)
[2015.05.19-22.57.43:689][418]LogModuleManager: Shutting down and abandoning module DetailCustomizations (129)
[2015.05.19-22.57.43:689][418]LogModuleManager: Shutting down and abandoning module PackagesDialog (128)
[2015.05.19-22.57.43:689][418]LogModuleManager: Shutting down and abandoning module AssetRegistry (127)
[2015.05.19-22.57.43:803][418]LogModuleManager: Shutting down and abandoning module Persona (126)
[2015.05.19-22.57.43:816][418]LogModuleManager: Shutting down and abandoning module SlateReflector (125)
[2015.05.19-22.57.43:835][418]LogModuleManager: Shutting down and abandoning module LevelEditor (124)
[2015.05.19-22.57.43:836][418]LogModuleManager: Shutting down and abandoning module Kismet (123)
[2015.05.19-22.57.43:836][418]LogModuleManager: Shutting down and abandoning module GraphEditor (122)
[2015.05.19-22.57.43:836][418]LogModuleManager: Shutting down and abandoning module ClassViewer (121)
[2015.05.19-22.57.43:836][418]LogModuleManager: Shutting down and abandoning module Toolbox (120)
[2015.05.19-22.57.43:836][418]LogModuleManager: Shutting down and abandoning module ModuleUI (119)
[2015.05.19-22.57.43:841][418]LogModuleManager: Shutting down and abandoning module MovieSceneTools (118)
[2015.05.19-22.57.43:850][418]LogModuleManager: Shutting down and abandoning module OutputLog (117)
[2015.05.19-22.57.43:850][418]LogModuleManager: Shutting down and abandoning module GammaUI (116)
[2015.05.19-22.57.43:863][418]LogModuleManager: Shutting down and abandoning module Documentation (115)
[2015.05.19-22.57.43:863][418]LogModuleManager: Shutting down and abandoning module GameLiveStreaming (114)
[2015.05.19-22.57.43:863][418]LogModuleManager: Shutting down and abandoning module StreamingPauseRendering (113)
[2015.05.19-22.57.43:863][418]LogModuleManager: Shutting down and abandoning module HTTP (112)
[2015.05.19-22.57.43:864][418]LogModuleManager: Shutting down and abandoning module AnalyticsET (111)
[2015.05.19-22.57.43:864][418]LogModuleManager: Shutting down and abandoning module Analytics (110)
[2015.05.19-22.57.43:864][418]LogModuleManager: Shutting down and abandoning module AITestSuite (109)
[2015.05.19-22.57.43:864][418]LogModuleManager: Shutting down and abandoning module GameplayDebugger (108)
[2015.05.19-22.57.43:864][418]LogModuleManager: Shutting down and abandoning module AIModule (107)
[2015.05.19-22.57.43:864][418]LogModuleManager: Shutting down and abandoning module ProfilerService (106)
[2015.05.19-22.57.44:110][418]LogModuleManager: Shutting down and abandoning module TaskGraph (105)
[2015.05.19-22.57.44:121][418]LogModuleManager: Shutting down and abandoning module SlateRemote (104)
[2015.05.19-22.57.44:121][418]LogModuleManager: Shutting down and abandoning module ScriptEditorPlugin (103)
[2015.05.19-22.57.44:121][418]LogModuleManager: Shutting down and abandoning module CustomMeshComponent (102)
[2015.05.19-22.57.44:121][418]LogModuleManager: Shutting down and abandoning module CableComponent (101)
[2015.05.19-22.57.44:121][418]LogModuleManager: Shutting down and abandoning module MessagingDebugger (100)
[2015.05.19-22.57.44:138][418]LogModuleManager: Shutting down and abandoning module MediaPlayerEditor (99)
[2015.05.19-22.57.44:150][418]LogModuleManager: Shutting down and abandoning module SpeedTreeImporter (98)
[2015.05.19-22.57.44:150][418]LogModuleManager: Shutting down and abandoning module PluginsEditor (97)
[2015.05.19-22.57.44:150][418]LogModuleManager: Shutting down and abandoning module MainFrame (96)
[2015.05.19-22.57.44:150][418]LogModuleManager: Shutting down and abandoning module EpicSurvey (95)
[2015.05.19-22.57.44:167][418]LogModuleManager: Shutting down and abandoning module DesktopPlatform (94)
[2015.05.19-22.57.44:167][418]LogModuleManager: Shutting down and abandoning module DirectoryWatcher (93)
[2015.05.19-22.57.44:168][418]LogModuleManager: Shutting down and abandoning module HotReload (92)
[2015.05.19-22.57.44:168][418]LogModuleManager: Shutting down and abandoning module VisualStudioSourceCodeAccess (91)
[2015.05.19-22.57.44:168][418]LogModuleManager: Shutting down and abandoning module UObjectPlugin (90)
[2015.05.19-22.57.44:168][418]LogModuleManager: Shutting down and abandoning module SubversionSourceControl (89)
[2015.05.19-22.57.44:168][418]LogModuleManager: Shutting down and abandoning module PerforceSourceControl (88)
[2015.05.19-22.57.44:180][418]LogModuleManager: Shutting down and abandoning module SourceControl (87)
[2015.05.19-22.57.44:180][418]LogModuleManager: Shutting down and abandoning module GitSourceControl (86)
[2015.05.19-22.57.44:180][418]LogModuleManager: Shutting down and abandoning module BlankPlugin (85)
[2015.05.19-22.57.44:180][418]LogModuleManager: Shutting down and abandoning module PaperTiledImporter (84)
[2015.05.19-22.57.44:180][418]LogModuleManager: Shutting down and abandoning module PaperJsonImporter (83)
[2015.05.19-22.57.44:180][418]LogModuleManager: Shutting down and abandoning module ContentBrowser (82)
[2015.05.19-22.57.44:180][418]LogModuleManager: Shutting down and abandoning module Paper2DEditor (81)
[2015.05.19-22.57.44:180][418]LogModuleManager: Shutting down and abandoning module ScriptPlugin (80)
[2015.05.19-22.57.44:189][418]LogModuleManager: Shutting down and abandoning module UdpMessaging (79)
[2015.05.19-22.57.44:289][418]LogModuleManager: Shutting down and abandoning module Paper2D (78)
[2015.05.19-22.57.44:315][418]LogModuleManager: Shutting down and abandoning module WindowsMoviePlayer (77)
[2015.05.19-22.57.44:317][418]LogModuleManager: Shutting down and abandoning module Media (76)
[2015.05.19-22.57.44:317][418]LogModuleManager: Shutting down and abandoning module WmfMedia (75)
[2015.05.19-22.57.44:317][418]LogModuleManager: Shutting down and abandoning module OnlineBlueprintSupport (74)
[2015.05.19-22.57.44:317][418]LogModuleManager: Shutting down and abandoning module PropertyEditor (73)
[2015.05.19-22.57.44:317][418]LogModuleManager: Shutting down and abandoning module BehaviorTreeEditor (72)
[2015.05.19-22.57.44:334][418]LogModuleManager: Shutting down and abandoning module FunctionalTesting (71)
[2015.05.19-22.57.44:334][418]LogModuleManager: Shutting down and abandoning module CollisionAnalyzer (70)
[2015.05.19-22.57.44:338][418]LogModuleManager: Shutting down and abandoning module WorkspaceMenuStructure (69)
[2015.05.19-22.57.44:338][418]LogModuleManager: Shutting down and abandoning module MessageLog (68)
[2015.05.19-22.57.44:338][418]LogModuleManager: Shutting down and abandoning module Sequencer (67)
[2015.05.19-22.57.44:360][418]LogModuleManager: Shutting down and abandoning module AssetTools (66)
[2015.05.19-22.57.44:372][418]LogModuleManager: Shutting down and abandoning module UMGEditor (65)
[2015.05.19-22.57.44:386][418]LogModuleManager: Shutting down and abandoning module UMG (64)
[2015.05.19-22.57.44:396][418]LogModuleManager: Shutting down and abandoning module Slate (63)
[2015.05.19-22.57.44:396][418]LogModuleManager: Shutting down and abandoning module EditorStyle (62)
[2015.05.19-22.57.44:398][418]LogModuleManager: Shutting down and abandoning module SessionServices (61)
[2015.05.19-22.57.44:399][418]LogModuleManager: Shutting down and abandoning module SourceCodeAccess (60)
[2015.05.19-22.57.44:399][418]LogModuleManager: Shutting down and abandoning module HeadMountedDisplay (59)
[2015.05.19-22.57.44:399][418]LogModuleManager: Shutting down and abandoning module XAudio2 (58)
[2015.05.19-22.57.44:399][418]LogModuleManager: Shutting down and abandoning module Networking (56)
[2015.05.19-22.57.44:399][418]LogModuleManager: Shutting down and abandoning module Core (55)
[2015.05.19-22.57.44:399][418]LogModuleManager: Shutting down and abandoning module KismetCompiler (54)
[2015.05.19-22.57.44:399][418]LogModuleManager: Shutting down and abandoning module PhysXFormats (53)
[2015.05.19-22.57.44:399][418]LogModuleManager: Shutting down and abandoning module MeshUtilities (52)
[2015.05.19-22.57.44:406][418]LogModuleManager: Shutting down and abandoning module DerivedDataCache (51)
[2015.05.19-22.57.44:489][418]LogDerivedDataCache: Shutdown
[2015.05.19-22.57.44:489][418]LogModuleManager: Shutting down and abandoning module ShaderFormatOpenGL (50)
[2015.05.19-22.57.44:497][418]LogModuleManager: Shutting down and abandoning module ShaderFormatD3D (49)
[2015.05.19-22.57.44:497][418]LogModuleManager: Shutting down and abandoning module MetalShaderFormat (48)
[2015.05.19-22.57.44:505][418]LogModuleManager: Shutting down and abandoning module TextureFormatUncompressed (47)
[2015.05.19-22.57.44:505][418]LogModuleManager: Shutting down and abandoning module TextureFormatPVR (46)
[2015.05.19-22.57.44:505][418]LogModuleManager: Shutting down and abandoning module TextureFormatIntelISPCTexComp (45)
[2015.05.19-22.57.44:505][418]LogModuleManager: Shutting down and abandoning module TextureFormatDXT (44)
[2015.05.19-22.57.44:505][418]LogModuleManager: Shutting down and abandoning module ImageWrapper (43)
[2015.05.19-22.57.44:505][418]LogModuleManager: Shutting down and abandoning module TextureFormatASTC (42)
[2015.05.19-22.57.44:505][418]LogModuleManager: Shutting down and abandoning module TextureFormatAndroid (41)
[2015.05.19-22.57.44:505][418]LogModuleManager: Shutting down and abandoning module AudioFormatOpus (40)
[2015.05.19-22.57.44:505][418]LogModuleManager: Shutting down and abandoning module AudioFormatOgg (39)
[2015.05.19-22.57.44:505][418]LogModuleManager: Shutting down and abandoning module AudioFormatADPCM (38)
[2015.05.19-22.57.44:505][418]LogModuleManager: Shutting down and abandoning module LinuxTargetPlatform (37)
[2015.05.19-22.57.44:505][418]LogModuleManager: Shutting down and abandoning module LinuxServerTargetPlatform (36)
[2015.05.19-22.57.44:505][418]LogModuleManager: Shutting down and abandoning module LinuxNoEditorTargetPlatform (35)
[2015.05.19-22.57.44:505][418]LogModuleManager: Shutting down and abandoning module Messaging (34)
[2015.05.19-22.57.44:505][418]LogModuleManager: Shutting down and abandoning module IOSTargetPlatform (33)
[2015.05.19-22.57.44:505][418]LogModuleManager: Shutting down and abandoning module HTML5TargetPlatform (32)
[2015.05.19-22.57.44:505][418]LogModuleManager: Shutting down and abandoning module Android_PVRTCTargetPlatform (31)
[2015.05.19-22.57.44:505][418]LogModuleManager: Shutting down and abandoning module Android_ETC2TargetPlatform (30)
[2015.05.19-22.57.44:505][418]LogModuleManager: Shutting down and abandoning module Android_ETC1TargetPlatform (29)
[2015.05.19-22.57.44:505][418]LogModuleManager: Shutting down and abandoning module Android_ES31TargetPlatform (28)
[2015.05.19-22.57.44:505][418]LogModuleManager: Shutting down and abandoning module Android_DXTTargetPlatform (27)
[2015.05.19-22.57.44:505][418]LogModuleManager: Shutting down and abandoning module Android_ATCTargetPlatform (26)
[2015.05.19-22.57.44:505][418]LogModuleManager: Shutting down and abandoning module AndroidTargetPlatform (25)
[2015.05.19-22.57.44:505][418]LogModuleManager: Shutting down and abandoning module WindowsTargetPlatform (24)
[2015.05.19-22.57.44:505][418]LogModuleManager: Shutting down and abandoning module WindowsServerTargetPlatform (23)
[2015.05.19-22.57.44:505][418]LogModuleManager: Shutting down and abandoning module WindowsNoEditorTargetPlatform (22)
[2015.05.19-22.57.44:505][418]LogModuleManager: Shutting down and abandoning module WindowsClientTargetPlatform (21)
[2015.05.19-22.57.44:505][418]LogModuleManager: Shutting down and abandoning module TargetPlatform (20)
[2015.05.19-22.57.44:505][418]LogModuleManager: Shutting down and abandoning module InputCore (19)
[2015.05.19-22.57.44:505][418]LogModuleManager: Shutting down and abandoning module Settings (18)
[2015.05.19-22.57.44:505][418]LogModuleManager: Shutting down and abandoning module OnlineSubsystem (16)
[2015.05.19-22.57.44:505][418]LogModuleManager: Shutting down and abandoning module OculusRift (15)
[2015.05.19-22.57.44:505][418]LogModuleManager: Shutting down and abandoning module ExampleDeviceProfileSelector (14)
[2015.05.19-22.57.44:505][418]LogModuleManager: Shutting down and abandoning module TextureCompressor (13)
[2015.05.19-22.57.44:505][418]LogModuleManager: Shutting down and abandoning module ShaderCore (12)
[2015.05.19-22.57.44:505][418]LogModuleManager: Shutting down and abandoning module Landscape (11)
[2015.05.19-22.57.44:505][418]LogModuleManager: Shutting down and abandoning module SlateRHIRenderer (10)
[2015.05.19-22.57.44:507][418]LogModuleManager: Shutting down and abandoning module OpenGLDrv (9)
[2015.05.19-22.57.44:507][418]LogModuleManager: Shutting down and abandoning module D3D11RHI (8)
[2015.05.19-22.57.44:507][418]LogModuleManager: Shutting down and abandoning module Renderer (7)
[2015.05.19-22.57.44:507][418]LogModuleManager: Shutting down and abandoning module Engine (6)
[2015.05.19-22.57.44:507][418]LogModuleManager: Shutting down and abandoning module CoreUObject (5)
[2015.05.19-22.57.44:507][418]LogModuleManager: Shutting down and abandoning module NetworkFile (4)
[2015.05.19-22.57.44:523][418]LogModuleManager: Shutting down and abandoning module StreamingFile (3)
[2015.05.19-22.57.44:524][418]LogModuleManager: Shutting down and abandoning module SandboxFile (2)
[2015.05.19-22.57.44:541][418]LogModuleManager: Shutting down and abandoning module PakFile (1)
[2015.05.19-22.57.44:559][418]LogExit: Exiting.
[2015.05.19-22.57.44:573][418]Log file closed, 05/19/15 23:57:44
